[2021-04-23 15:31:53,142] {scheduler_job.py:182} INFO - Started process (PID=707) to work on /c/Users/Usuario/Desktop/Projetos/MyProjetos/Spotify/airflow-env/lib/python3.8/site-packages/airflow/example_dags/subdags/subdag.py
[2021-04-23 15:31:53,143] {scheduler_job.py:629} INFO - Processing file /c/Users/Usuario/Desktop/Projetos/MyProjetos/Spotify/airflow-env/lib/python3.8/site-packages/airflow/example_dags/subdags/subdag.py for tasks to queue
[2021-04-23 15:31:53,143] {logging_mixin.py:104} INFO - [2021-04-23 15:31:53,143] {dagbag.py:451} INFO - Filling up the DagBag from /c/Users/Usuario/Desktop/Projetos/MyProjetos/Spotify/airflow-env/lib/python3.8/site-packages/airflow/example_dags/subdags/subdag.py
[2021-04-23 15:31:53,146] {scheduler_job.py:641} WARNING - No viable dags retrieved from /c/Users/Usuario/Desktop/Projetos/MyProjetos/Spotify/airflow-env/lib/python3.8/site-packages/airflow/example_dags/subdags/subdag.py
[2021-04-23 15:31:53,152] {scheduler_job.py:190} INFO - Processing /c/Users/Usuario/Desktop/Projetos/MyProjetos/Spotify/airflow-env/lib/python3.8/site-packages/airflow/example_dags/subdags/subdag.py took 0.014 seconds
[2021-04-23 15:32:23,871] {scheduler_job.py:182} INFO - Started process (PID=742) to work on /c/Users/Usuario/Desktop/Projetos/MyProjetos/Spotify/airflow-env/lib/python3.8/site-packages/airflow/example_dags/subdags/subdag.py
[2021-04-23 15:32:23,872] {scheduler_job.py:629} INFO - Processing file /c/Users/Usuario/Desktop/Projetos/MyProjetos/Spotify/airflow-env/lib/python3.8/site-packages/airflow/example_dags/subdags/subdag.py for tasks to queue
[2021-04-23 15:32:23,873] {logging_mixin.py:104} INFO - [2021-04-23 15:32:23,873] {dagbag.py:451} INFO - Filling up the DagBag from /c/Users/Usuario/Desktop/Projetos/MyProjetos/Spotify/airflow-env/lib/python3.8/site-packages/airflow/example_dags/subdags/subdag.py
[2021-04-23 15:32:23,876] {scheduler_job.py:641} WARNING - No viable dags retrieved from /c/Users/Usuario/Desktop/Projetos/MyProjetos/Spotify/airflow-env/lib/python3.8/site-packages/airflow/example_dags/subdags/subdag.py
[2021-04-23 15:32:23,881] {scheduler_job.py:190} INFO - Processing /c/Users/Usuario/Desktop/Projetos/MyProjetos/Spotify/airflow-env/lib/python3.8/site-packages/airflow/example_dags/subdags/subdag.py took 0.012 seconds
[2021-04-23 15:32:54,677] {scheduler_job.py:182} INFO - Started process (PID=777) to work on /c/Users/Usuario/Desktop/Projetos/MyProjetos/Spotify/airflow-env/lib/python3.8/site-packages/airflow/example_dags/subdags/subdag.py
[2021-04-23 15:32:54,678] {scheduler_job.py:629} INFO - Processing file /c/Users/Usuario/Desktop/Projetos/MyProjetos/Spotify/airflow-env/lib/python3.8/site-packages/airflow/example_dags/subdags/subdag.py for tasks to queue
[2021-04-23 15:32:54,678] {logging_mixin.py:104} INFO - [2021-04-23 15:32:54,678] {dagbag.py:451} INFO - Filling up the DagBag from /c/Users/Usuario/Desktop/Projetos/MyProjetos/Spotify/airflow-env/lib/python3.8/site-packages/airflow/example_dags/subdags/subdag.py
[2021-04-23 15:32:54,681] {scheduler_job.py:641} WARNING - No viable dags retrieved from /c/Users/Usuario/Desktop/Projetos/MyProjetos/Spotify/airflow-env/lib/python3.8/site-packages/airflow/example_dags/subdags/subdag.py
[2021-04-23 15:32:54,686] {scheduler_job.py:190} INFO - Processing /c/Users/Usuario/Desktop/Projetos/MyProjetos/Spotify/airflow-env/lib/python3.8/site-packages/airflow/example_dags/subdags/subdag.py took 0.013 seconds
[2021-04-23 15:33:12,333] {scheduler_job.py:182} INFO - Started process (PID=807) to work on /c/Users/Usuario/Desktop/Projetos/MyProjetos/Spotify/airflow-env/lib/python3.8/site-packages/airflow/example_dags/subdags/subdag.py
[2021-04-23 15:33:12,333] {scheduler_job.py:629} INFO - Processing file /c/Users/Usuario/Desktop/Projetos/MyProjetos/Spotify/airflow-env/lib/python3.8/site-packages/airflow/example_dags/subdags/subdag.py for tasks to queue
[2021-04-23 15:33:12,334] {logging_mixin.py:104} INFO - [2021-04-23 15:33:12,334] {dagbag.py:451} INFO - Filling up the DagBag from /c/Users/Usuario/Desktop/Projetos/MyProjetos/Spotify/airflow-env/lib/python3.8/site-packages/airflow/example_dags/subdags/subdag.py
[2021-04-23 15:33:12,337] {scheduler_job.py:641} WARNING - No viable dags retrieved from /c/Users/Usuario/Desktop/Projetos/MyProjetos/Spotify/airflow-env/lib/python3.8/site-packages/airflow/example_dags/subdags/subdag.py
[2021-04-23 15:33:12,342] {scheduler_job.py:190} INFO - Processing /c/Users/Usuario/Desktop/Projetos/MyProjetos/Spotify/airflow-env/lib/python3.8/site-packages/airflow/example_dags/subdags/subdag.py took 0.012 seconds
[2021-04-23 15:33:43,040] {scheduler_job.py:182} INFO - Started process (PID=851) to work on /c/Users/Usuario/Desktop/Projetos/MyProjetos/Spotify/airflow-env/lib/python3.8/site-packages/airflow/example_dags/subdags/subdag.py
[2021-04-23 15:33:43,041] {scheduler_job.py:629} INFO - Processing file /c/Users/Usuario/Desktop/Projetos/MyProjetos/Spotify/airflow-env/lib/python3.8/site-packages/airflow/example_dags/subdags/subdag.py for tasks to queue
[2021-04-23 15:33:43,042] {logging_mixin.py:104} INFO - [2021-04-23 15:33:43,042] {dagbag.py:451} INFO - Filling up the DagBag from /c/Users/Usuario/Desktop/Projetos/MyProjetos/Spotify/airflow-env/lib/python3.8/site-packages/airflow/example_dags/subdags/subdag.py
[2021-04-23 15:33:43,045] {scheduler_job.py:641} WARNING - No viable dags retrieved from /c/Users/Usuario/Desktop/Projetos/MyProjetos/Spotify/airflow-env/lib/python3.8/site-packages/airflow/example_dags/subdags/subdag.py
[2021-04-23 15:33:43,050] {scheduler_job.py:190} INFO - Processing /c/Users/Usuario/Desktop/Projetos/MyProjetos/Spotify/airflow-env/lib/python3.8/site-packages/airflow/example_dags/subdags/subdag.py took 0.012 seconds
