[2021-04-23 15:32:07,269] {scheduler_job.py:182} INFO - Started process (PID=730) to work on /c/Users/Usuario/Desktop/Projetos/MyProjetos/Spotify/dags/spotify_Dag.py
[2021-04-23 15:32:07,270] {scheduler_job.py:629} INFO - Processing file /c/Users/Usuario/Desktop/Projetos/MyProjetos/Spotify/dags/spotify_Dag.py for tasks to queue
[2021-04-23 15:32:07,270] {logging_mixin.py:104} INFO - [2021-04-23 15:32:07,270] {dagbag.py:451} INFO - Filling up the DagBag from /c/Users/Usuario/Desktop/Projetos/MyProjetos/Spotify/dags/spotify_Dag.py
[2021-04-23 15:32:07,282] {scheduler_job.py:639} INFO - DAG(s) dict_keys(['spotify_dag']) retrieved from /c/Users/Usuario/Desktop/Projetos/MyProjetos/Spotify/dags/spotify_Dag.py
[2021-04-23 15:32:07,292] {logging_mixin.py:104} INFO - [2021-04-23 15:32:07,292] {dag.py:1824} INFO - Sync 1 DAGs
[2021-04-23 15:32:07,300] {logging_mixin.py:104} INFO - [2021-04-23 15:32:07,299] {dag.py:2280} INFO - Setting next_dagrun for spotify_dag to 2021-04-22 18:32:07.299917+00:00
[2021-04-23 15:32:07,312] {scheduler_job.py:190} INFO - Processing /c/Users/Usuario/Desktop/Projetos/MyProjetos/Spotify/dags/spotify_Dag.py took 0.046 seconds
[2021-04-23 15:32:40,465] {scheduler_job.py:182} INFO - Started process (PID=766) to work on /c/Users/Usuario/Desktop/Projetos/MyProjetos/Spotify/dags/spotify_Dag.py
[2021-04-23 15:32:40,466] {scheduler_job.py:629} INFO - Processing file /c/Users/Usuario/Desktop/Projetos/MyProjetos/Spotify/dags/spotify_Dag.py for tasks to queue
[2021-04-23 15:32:40,466] {logging_mixin.py:104} INFO - [2021-04-23 15:32:40,466] {dagbag.py:451} INFO - Filling up the DagBag from /c/Users/Usuario/Desktop/Projetos/MyProjetos/Spotify/dags/spotify_Dag.py
[2021-04-23 15:32:40,477] {scheduler_job.py:639} INFO - DAG(s) dict_keys(['spotify_dag']) retrieved from /c/Users/Usuario/Desktop/Projetos/MyProjetos/Spotify/dags/spotify_Dag.py
[2021-04-23 15:32:40,487] {logging_mixin.py:104} INFO - [2021-04-23 15:32:40,487] {dag.py:1824} INFO - Sync 1 DAGs
[2021-04-23 15:32:40,496] {logging_mixin.py:104} INFO - [2021-04-23 15:32:40,496] {dag.py:2280} INFO - Setting next_dagrun for spotify_dag to 2021-04-22 18:32:40.496756+00:00
[2021-04-23 15:32:40,509] {scheduler_job.py:190} INFO - Processing /c/Users/Usuario/Desktop/Projetos/MyProjetos/Spotify/dags/spotify_Dag.py took 0.046 seconds
[2021-04-23 15:33:26,989] {scheduler_job.py:182} INFO - Started process (PID=821) to work on /c/Users/Usuario/Desktop/Projetos/MyProjetos/Spotify/dags/spotify_Dag.py
[2021-04-23 15:33:26,990] {scheduler_job.py:629} INFO - Processing file /c/Users/Usuario/Desktop/Projetos/MyProjetos/Spotify/dags/spotify_Dag.py for tasks to queue
[2021-04-23 15:33:26,990] {logging_mixin.py:104} INFO - [2021-04-23 15:33:26,990] {dagbag.py:451} INFO - Filling up the DagBag from /c/Users/Usuario/Desktop/Projetos/MyProjetos/Spotify/dags/spotify_Dag.py
[2021-04-23 15:33:27,000] {scheduler_job.py:639} INFO - DAG(s) dict_keys(['spotify_dag']) retrieved from /c/Users/Usuario/Desktop/Projetos/MyProjetos/Spotify/dags/spotify_Dag.py
[2021-04-23 15:33:27,011] {logging_mixin.py:104} INFO - [2021-04-23 15:33:27,010] {dag.py:1824} INFO - Sync 1 DAGs
[2021-04-23 15:33:27,017] {logging_mixin.py:104} INFO - [2021-04-23 15:33:27,017] {dag.py:2280} INFO - Setting next_dagrun for spotify_dag to 2021-04-22 18:33:27.017743+00:00
[2021-04-23 15:33:27,030] {scheduler_job.py:190} INFO - Processing /c/Users/Usuario/Desktop/Projetos/MyProjetos/Spotify/dags/spotify_Dag.py took 0.043 seconds
