[2021-04-23 15:31:50,877] {scheduler_job.py:182} INFO - Started process (PID=705) to work on /c/Users/Usuario/Desktop/Projetos/MyProjetos/Spotify/airflow-env/lib/python3.8/site-packages/airflow/example_dags/example_python_operator.py
[2021-04-23 15:31:50,878] {scheduler_job.py:629} INFO - Processing file /c/Users/Usuario/Desktop/Projetos/MyProjetos/Spotify/airflow-env/lib/python3.8/site-packages/airflow/example_dags/example_python_operator.py for tasks to queue
[2021-04-23 15:31:50,879] {logging_mixin.py:104} INFO - [2021-04-23 15:31:50,879] {dagbag.py:451} INFO - Filling up the DagBag from /c/Users/Usuario/Desktop/Projetos/MyProjetos/Spotify/airflow-env/lib/python3.8/site-packages/airflow/example_dags/example_python_operator.py
[2021-04-23 15:31:50,891] {scheduler_job.py:639} INFO - DAG(s) dict_keys(['example_python_operator']) retrieved from /c/Users/Usuario/Desktop/Projetos/MyProjetos/Spotify/airflow-env/lib/python3.8/site-packages/airflow/example_dags/example_python_operator.py
[2021-04-23 15:31:50,904] {logging_mixin.py:104} INFO - [2021-04-23 15:31:50,904] {dag.py:1824} INFO - Sync 1 DAGs
[2021-04-23 15:31:50,912] {logging_mixin.py:104} INFO - [2021-04-23 15:31:50,911] {dag.py:2280} INFO - Setting next_dagrun for example_python_operator to None
[2021-04-23 15:31:50,926] {scheduler_job.py:190} INFO - Processing /c/Users/Usuario/Desktop/Projetos/MyProjetos/Spotify/airflow-env/lib/python3.8/site-packages/airflow/example_dags/example_python_operator.py took 0.052 seconds
[2021-04-23 15:32:21,605] {scheduler_job.py:182} INFO - Started process (PID=740) to work on /c/Users/Usuario/Desktop/Projetos/MyProjetos/Spotify/airflow-env/lib/python3.8/site-packages/airflow/example_dags/example_python_operator.py
[2021-04-23 15:32:21,606] {scheduler_job.py:629} INFO - Processing file /c/Users/Usuario/Desktop/Projetos/MyProjetos/Spotify/airflow-env/lib/python3.8/site-packages/airflow/example_dags/example_python_operator.py for tasks to queue
[2021-04-23 15:32:21,607] {logging_mixin.py:104} INFO - [2021-04-23 15:32:21,607] {dagbag.py:451} INFO - Filling up the DagBag from /c/Users/Usuario/Desktop/Projetos/MyProjetos/Spotify/airflow-env/lib/python3.8/site-packages/airflow/example_dags/example_python_operator.py
[2021-04-23 15:32:21,616] {scheduler_job.py:639} INFO - DAG(s) dict_keys(['example_python_operator']) retrieved from /c/Users/Usuario/Desktop/Projetos/MyProjetos/Spotify/airflow-env/lib/python3.8/site-packages/airflow/example_dags/example_python_operator.py
[2021-04-23 15:32:21,626] {logging_mixin.py:104} INFO - [2021-04-23 15:32:21,626] {dag.py:1824} INFO - Sync 1 DAGs
[2021-04-23 15:32:21,634] {logging_mixin.py:104} INFO - [2021-04-23 15:32:21,634] {dag.py:2280} INFO - Setting next_dagrun for example_python_operator to None
[2021-04-23 15:32:21,646] {scheduler_job.py:190} INFO - Processing /c/Users/Usuario/Desktop/Projetos/MyProjetos/Spotify/airflow-env/lib/python3.8/site-packages/airflow/example_dags/example_python_operator.py took 0.043 seconds
[2021-04-23 15:32:52,406] {scheduler_job.py:182} INFO - Started process (PID=775) to work on /c/Users/Usuario/Desktop/Projetos/MyProjetos/Spotify/airflow-env/lib/python3.8/site-packages/airflow/example_dags/example_python_operator.py
[2021-04-23 15:32:52,407] {scheduler_job.py:629} INFO - Processing file /c/Users/Usuario/Desktop/Projetos/MyProjetos/Spotify/airflow-env/lib/python3.8/site-packages/airflow/example_dags/example_python_operator.py for tasks to queue
[2021-04-23 15:32:52,407] {logging_mixin.py:104} INFO - [2021-04-23 15:32:52,407] {dagbag.py:451} INFO - Filling up the DagBag from /c/Users/Usuario/Desktop/Projetos/MyProjetos/Spotify/airflow-env/lib/python3.8/site-packages/airflow/example_dags/example_python_operator.py
[2021-04-23 15:32:52,418] {scheduler_job.py:639} INFO - DAG(s) dict_keys(['example_python_operator']) retrieved from /c/Users/Usuario/Desktop/Projetos/MyProjetos/Spotify/airflow-env/lib/python3.8/site-packages/airflow/example_dags/example_python_operator.py
[2021-04-23 15:32:52,428] {logging_mixin.py:104} INFO - [2021-04-23 15:32:52,428] {dag.py:1824} INFO - Sync 1 DAGs
[2021-04-23 15:32:52,435] {logging_mixin.py:104} INFO - [2021-04-23 15:32:52,435] {dag.py:2280} INFO - Setting next_dagrun for example_python_operator to None
[2021-04-23 15:32:52,449] {scheduler_job.py:190} INFO - Processing /c/Users/Usuario/Desktop/Projetos/MyProjetos/Spotify/airflow-env/lib/python3.8/site-packages/airflow/example_dags/example_python_operator.py took 0.045 seconds
[2021-04-23 15:33:27,586] {scheduler_job.py:182} INFO - Started process (PID=823) to work on /c/Users/Usuario/Desktop/Projetos/MyProjetos/Spotify/airflow-env/lib/python3.8/site-packages/airflow/example_dags/example_python_operator.py
[2021-04-23 15:33:27,587] {scheduler_job.py:629} INFO - Processing file /c/Users/Usuario/Desktop/Projetos/MyProjetos/Spotify/airflow-env/lib/python3.8/site-packages/airflow/example_dags/example_python_operator.py for tasks to queue
[2021-04-23 15:33:27,587] {logging_mixin.py:104} INFO - [2021-04-23 15:33:27,587] {dagbag.py:451} INFO - Filling up the DagBag from /c/Users/Usuario/Desktop/Projetos/MyProjetos/Spotify/airflow-env/lib/python3.8/site-packages/airflow/example_dags/example_python_operator.py
[2021-04-23 15:33:27,602] {scheduler_job.py:639} INFO - DAG(s) dict_keys(['example_python_operator']) retrieved from /c/Users/Usuario/Desktop/Projetos/MyProjetos/Spotify/airflow-env/lib/python3.8/site-packages/airflow/example_dags/example_python_operator.py
[2021-04-23 15:33:27,613] {logging_mixin.py:104} INFO - [2021-04-23 15:33:27,613] {dag.py:1824} INFO - Sync 1 DAGs
[2021-04-23 15:33:27,622] {logging_mixin.py:104} INFO - [2021-04-23 15:33:27,622] {dag.py:2280} INFO - Setting next_dagrun for example_python_operator to None
[2021-04-23 15:33:27,633] {scheduler_job.py:190} INFO - Processing /c/Users/Usuario/Desktop/Projetos/MyProjetos/Spotify/airflow-env/lib/python3.8/site-packages/airflow/example_dags/example_python_operator.py took 0.050 seconds
