[2021-04-23 15:32:06,137] {scheduler_job.py:182} INFO - Started process (PID=729) to work on /c/Users/Usuario/Desktop/Projetos/MyProjetos/Spotify/airflow-env/lib/python3.8/site-packages/airflow/example_dags/example_complex.py
[2021-04-23 15:32:06,138] {scheduler_job.py:629} INFO - Processing file /c/Users/Usuario/Desktop/Projetos/MyProjetos/Spotify/airflow-env/lib/python3.8/site-packages/airflow/example_dags/example_complex.py for tasks to queue
[2021-04-23 15:32:06,138] {logging_mixin.py:104} INFO - [2021-04-23 15:32:06,138] {dagbag.py:451} INFO - Filling up the DagBag from /c/Users/Usuario/Desktop/Projetos/MyProjetos/Spotify/airflow-env/lib/python3.8/site-packages/airflow/example_dags/example_complex.py
[2021-04-23 15:32:06,150] {scheduler_job.py:639} INFO - DAG(s) dict_keys(['example_complex']) retrieved from /c/Users/Usuario/Desktop/Projetos/MyProjetos/Spotify/airflow-env/lib/python3.8/site-packages/airflow/example_dags/example_complex.py
[2021-04-23 15:32:06,163] {logging_mixin.py:104} INFO - [2021-04-23 15:32:06,163] {dag.py:1824} INFO - Sync 1 DAGs
[2021-04-23 15:32:06,169] {logging_mixin.py:104} INFO - [2021-04-23 15:32:06,169] {dag.py:2280} INFO - Setting next_dagrun for example_complex to None
[2021-04-23 15:32:06,183] {scheduler_job.py:190} INFO - Processing /c/Users/Usuario/Desktop/Projetos/MyProjetos/Spotify/airflow-env/lib/python3.8/site-packages/airflow/example_dags/example_complex.py took 0.049 seconds
[2021-04-23 15:32:38,194] {scheduler_job.py:182} INFO - Started process (PID=764) to work on /c/Users/Usuario/Desktop/Projetos/MyProjetos/Spotify/airflow-env/lib/python3.8/site-packages/airflow/example_dags/example_complex.py
[2021-04-23 15:32:38,195] {scheduler_job.py:629} INFO - Processing file /c/Users/Usuario/Desktop/Projetos/MyProjetos/Spotify/airflow-env/lib/python3.8/site-packages/airflow/example_dags/example_complex.py for tasks to queue
[2021-04-23 15:32:38,195] {logging_mixin.py:104} INFO - [2021-04-23 15:32:38,195] {dagbag.py:451} INFO - Filling up the DagBag from /c/Users/Usuario/Desktop/Projetos/MyProjetos/Spotify/airflow-env/lib/python3.8/site-packages/airflow/example_dags/example_complex.py
[2021-04-23 15:32:38,207] {scheduler_job.py:639} INFO - DAG(s) dict_keys(['example_complex']) retrieved from /c/Users/Usuario/Desktop/Projetos/MyProjetos/Spotify/airflow-env/lib/python3.8/site-packages/airflow/example_dags/example_complex.py
[2021-04-23 15:32:38,219] {logging_mixin.py:104} INFO - [2021-04-23 15:32:38,219] {dag.py:1824} INFO - Sync 1 DAGs
[2021-04-23 15:32:38,226] {logging_mixin.py:104} INFO - [2021-04-23 15:32:38,226] {dag.py:2280} INFO - Setting next_dagrun for example_complex to None
[2021-04-23 15:32:38,240] {scheduler_job.py:190} INFO - Processing /c/Users/Usuario/Desktop/Projetos/MyProjetos/Spotify/airflow-env/lib/python3.8/site-packages/airflow/example_dags/example_complex.py took 0.048 seconds
[2021-04-23 15:33:18,424] {scheduler_job.py:182} INFO - Started process (PID=813) to work on /c/Users/Usuario/Desktop/Projetos/MyProjetos/Spotify/airflow-env/lib/python3.8/site-packages/airflow/example_dags/example_complex.py
[2021-04-23 15:33:18,425] {scheduler_job.py:629} INFO - Processing file /c/Users/Usuario/Desktop/Projetos/MyProjetos/Spotify/airflow-env/lib/python3.8/site-packages/airflow/example_dags/example_complex.py for tasks to queue
[2021-04-23 15:33:18,426] {logging_mixin.py:104} INFO - [2021-04-23 15:33:18,426] {dagbag.py:451} INFO - Filling up the DagBag from /c/Users/Usuario/Desktop/Projetos/MyProjetos/Spotify/airflow-env/lib/python3.8/site-packages/airflow/example_dags/example_complex.py
[2021-04-23 15:33:18,444] {scheduler_job.py:639} INFO - DAG(s) dict_keys(['example_complex']) retrieved from /c/Users/Usuario/Desktop/Projetos/MyProjetos/Spotify/airflow-env/lib/python3.8/site-packages/airflow/example_dags/example_complex.py
[2021-04-23 15:33:18,458] {logging_mixin.py:104} INFO - [2021-04-23 15:33:18,458] {dag.py:1824} INFO - Sync 1 DAGs
[2021-04-23 15:33:18,467] {logging_mixin.py:104} INFO - [2021-04-23 15:33:18,467] {dag.py:2280} INFO - Setting next_dagrun for example_complex to None
[2021-04-23 15:33:18,482] {scheduler_job.py:190} INFO - Processing /c/Users/Usuario/Desktop/Projetos/MyProjetos/Spotify/airflow-env/lib/python3.8/site-packages/airflow/example_dags/example_complex.py took 0.061 seconds
[2021-04-23 15:33:49,332] {scheduler_job.py:182} INFO - Started process (PID=857) to work on /c/Users/Usuario/Desktop/Projetos/MyProjetos/Spotify/airflow-env/lib/python3.8/site-packages/airflow/example_dags/example_complex.py
[2021-04-23 15:33:49,333] {scheduler_job.py:629} INFO - Processing file /c/Users/Usuario/Desktop/Projetos/MyProjetos/Spotify/airflow-env/lib/python3.8/site-packages/airflow/example_dags/example_complex.py for tasks to queue
[2021-04-23 15:33:49,333] {logging_mixin.py:104} INFO - [2021-04-23 15:33:49,333] {dagbag.py:451} INFO - Filling up the DagBag from /c/Users/Usuario/Desktop/Projetos/MyProjetos/Spotify/airflow-env/lib/python3.8/site-packages/airflow/example_dags/example_complex.py
[2021-04-23 15:33:49,345] {scheduler_job.py:639} INFO - DAG(s) dict_keys(['example_complex']) retrieved from /c/Users/Usuario/Desktop/Projetos/MyProjetos/Spotify/airflow-env/lib/python3.8/site-packages/airflow/example_dags/example_complex.py
[2021-04-23 15:33:49,357] {logging_mixin.py:104} INFO - [2021-04-23 15:33:49,357] {dag.py:1824} INFO - Sync 1 DAGs
[2021-04-23 15:33:49,364] {logging_mixin.py:104} INFO - [2021-04-23 15:33:49,364] {dag.py:2280} INFO - Setting next_dagrun for example_complex to None
[2021-04-23 15:33:49,376] {scheduler_job.py:190} INFO - Processing /c/Users/Usuario/Desktop/Projetos/MyProjetos/Spotify/airflow-env/lib/python3.8/site-packages/airflow/example_dags/example_complex.py took 0.048 seconds
