[2021-04-23 15:32:04,992] {scheduler_job.py:182} INFO - Started process (PID=728) to work on /c/Users/Usuario/Desktop/Projetos/MyProjetos/Spotify/airflow-env/lib/python3.8/site-packages/airflow/example_dags/example_latest_only.py
[2021-04-23 15:32:04,993] {scheduler_job.py:629} INFO - Processing file /c/Users/Usuario/Desktop/Projetos/MyProjetos/Spotify/airflow-env/lib/python3.8/site-packages/airflow/example_dags/example_latest_only.py for tasks to queue
[2021-04-23 15:32:04,994] {logging_mixin.py:104} INFO - [2021-04-23 15:32:04,993] {dagbag.py:451} INFO - Filling up the DagBag from /c/Users/Usuario/Desktop/Projetos/MyProjetos/Spotify/airflow-env/lib/python3.8/site-packages/airflow/example_dags/example_latest_only.py
[2021-04-23 15:32:05,002] {scheduler_job.py:639} INFO - DAG(s) dict_keys(['latest_only']) retrieved from /c/Users/Usuario/Desktop/Projetos/MyProjetos/Spotify/airflow-env/lib/python3.8/site-packages/airflow/example_dags/example_latest_only.py
[2021-04-23 15:32:05,016] {logging_mixin.py:104} INFO - [2021-04-23 15:32:05,016] {dag.py:1824} INFO - Sync 1 DAGs
[2021-04-23 15:32:05,024] {logging_mixin.py:104} INFO - [2021-04-23 15:32:05,023] {dag.py:2280} INFO - Setting next_dagrun for latest_only to 2021-04-21 00:00:00+00:00
[2021-04-23 15:32:05,037] {scheduler_job.py:190} INFO - Processing /c/Users/Usuario/Desktop/Projetos/MyProjetos/Spotify/airflow-env/lib/python3.8/site-packages/airflow/example_dags/example_latest_only.py took 0.048 seconds
[2021-04-23 15:32:37,062] {scheduler_job.py:182} INFO - Started process (PID=763) to work on /c/Users/Usuario/Desktop/Projetos/MyProjetos/Spotify/airflow-env/lib/python3.8/site-packages/airflow/example_dags/example_latest_only.py
[2021-04-23 15:32:37,063] {scheduler_job.py:629} INFO - Processing file /c/Users/Usuario/Desktop/Projetos/MyProjetos/Spotify/airflow-env/lib/python3.8/site-packages/airflow/example_dags/example_latest_only.py for tasks to queue
[2021-04-23 15:32:37,063] {logging_mixin.py:104} INFO - [2021-04-23 15:32:37,063] {dagbag.py:451} INFO - Filling up the DagBag from /c/Users/Usuario/Desktop/Projetos/MyProjetos/Spotify/airflow-env/lib/python3.8/site-packages/airflow/example_dags/example_latest_only.py
[2021-04-23 15:32:37,072] {scheduler_job.py:639} INFO - DAG(s) dict_keys(['latest_only']) retrieved from /c/Users/Usuario/Desktop/Projetos/MyProjetos/Spotify/airflow-env/lib/python3.8/site-packages/airflow/example_dags/example_latest_only.py
[2021-04-23 15:32:37,082] {logging_mixin.py:104} INFO - [2021-04-23 15:32:37,082] {dag.py:1824} INFO - Sync 1 DAGs
[2021-04-23 15:32:37,089] {logging_mixin.py:104} INFO - [2021-04-23 15:32:37,089] {dag.py:2280} INFO - Setting next_dagrun for latest_only to 2021-04-21 00:00:00+00:00
[2021-04-23 15:32:37,102] {scheduler_job.py:190} INFO - Processing /c/Users/Usuario/Desktop/Projetos/MyProjetos/Spotify/airflow-env/lib/python3.8/site-packages/airflow/example_dags/example_latest_only.py took 0.042 seconds
[2021-04-23 15:33:37,890] {scheduler_job.py:182} INFO - Started process (PID=850) to work on /c/Users/Usuario/Desktop/Projetos/MyProjetos/Spotify/airflow-env/lib/python3.8/site-packages/airflow/example_dags/example_latest_only.py
[2021-04-23 15:33:37,892] {scheduler_job.py:629} INFO - Processing file /c/Users/Usuario/Desktop/Projetos/MyProjetos/Spotify/airflow-env/lib/python3.8/site-packages/airflow/example_dags/example_latest_only.py for tasks to queue
[2021-04-23 15:33:37,892] {logging_mixin.py:104} INFO - [2021-04-23 15:33:37,892] {dagbag.py:451} INFO - Filling up the DagBag from /c/Users/Usuario/Desktop/Projetos/MyProjetos/Spotify/airflow-env/lib/python3.8/site-packages/airflow/example_dags/example_latest_only.py
[2021-04-23 15:33:37,905] {scheduler_job.py:639} INFO - DAG(s) dict_keys(['latest_only']) retrieved from /c/Users/Usuario/Desktop/Projetos/MyProjetos/Spotify/airflow-env/lib/python3.8/site-packages/airflow/example_dags/example_latest_only.py
[2021-04-23 15:33:37,918] {logging_mixin.py:104} INFO - [2021-04-23 15:33:37,918] {dag.py:1824} INFO - Sync 1 DAGs
[2021-04-23 15:33:37,928] {logging_mixin.py:104} INFO - [2021-04-23 15:33:37,928] {dag.py:2280} INFO - Setting next_dagrun for latest_only to 2021-04-21 00:00:00+00:00
[2021-04-23 15:33:37,941] {scheduler_job.py:190} INFO - Processing /c/Users/Usuario/Desktop/Projetos/MyProjetos/Spotify/airflow-env/lib/python3.8/site-packages/airflow/example_dags/example_latest_only.py took 0.053 seconds
