[2021-04-23 15:32:15,297] {scheduler_job.py:182} INFO - Started process (PID=738) to work on /c/Users/Usuario/Desktop/Projetos/MyProjetos/Spotify/airflow-env/lib/python3.8/site-packages/airflow/example_dags/example_subdag_operator.py
[2021-04-23 15:32:15,299] {scheduler_job.py:629} INFO - Processing file /c/Users/Usuario/Desktop/Projetos/MyProjetos/Spotify/airflow-env/lib/python3.8/site-packages/airflow/example_dags/example_subdag_operator.py for tasks to queue
[2021-04-23 15:32:15,301] {logging_mixin.py:104} INFO - [2021-04-23 15:32:15,301] {dagbag.py:451} INFO - Filling up the DagBag from /c/Users/Usuario/Desktop/Projetos/MyProjetos/Spotify/airflow-env/lib/python3.8/site-packages/airflow/example_dags/example_subdag_operator.py
[2021-04-23 15:32:15,331] {scheduler_job.py:639} INFO - DAG(s) dict_keys(['example_subdag_operator.section-1', 'example_subdag_operator.section-2', 'example_subdag_operator']) retrieved from /c/Users/Usuario/Desktop/Projetos/MyProjetos/Spotify/airflow-env/lib/python3.8/site-packages/airflow/example_dags/example_subdag_operator.py
[2021-04-23 15:32:15,339] {logging_mixin.py:104} INFO - [2021-04-23 15:32:15,339] {dag.py:1824} INFO - Sync 3 DAGs
[2021-04-23 15:32:15,352] {logging_mixin.py:104} INFO - [2021-04-23 15:32:15,351] {dag.py:2280} INFO - Setting next_dagrun for example_subdag_operator to 2021-04-21 00:00:00+00:00
[2021-04-23 15:32:15,352] {logging_mixin.py:104} INFO - [2021-04-23 15:32:15,352] {dag.py:2280} INFO - Setting next_dagrun for example_subdag_operator.section-1 to None
[2021-04-23 15:32:15,352] {logging_mixin.py:104} INFO - [2021-04-23 15:32:15,352] {dag.py:2280} INFO - Setting next_dagrun for example_subdag_operator.section-2 to None
[2021-04-23 15:32:15,361] {logging_mixin.py:104} INFO - [2021-04-23 15:32:15,361] {dag.py:1824} INFO - Sync 2 DAGs
[2021-04-23 15:32:15,370] {logging_mixin.py:104} INFO - [2021-04-23 15:32:15,370] {dag.py:2280} INFO - Setting next_dagrun for example_subdag_operator.section-1 to None
[2021-04-23 15:32:15,370] {logging_mixin.py:104} INFO - [2021-04-23 15:32:15,370] {dag.py:2280} INFO - Setting next_dagrun for example_subdag_operator.section-2 to None
[2021-04-23 15:32:15,382] {scheduler_job.py:190} INFO - Processing /c/Users/Usuario/Desktop/Projetos/MyProjetos/Spotify/airflow-env/lib/python3.8/site-packages/airflow/example_dags/example_subdag_operator.py took 0.090 seconds
[2021-04-23 15:32:47,367] {scheduler_job.py:182} INFO - Started process (PID=773) to work on /c/Users/Usuario/Desktop/Projetos/MyProjetos/Spotify/airflow-env/lib/python3.8/site-packages/airflow/example_dags/example_subdag_operator.py
[2021-04-23 15:32:47,368] {scheduler_job.py:629} INFO - Processing file /c/Users/Usuario/Desktop/Projetos/MyProjetos/Spotify/airflow-env/lib/python3.8/site-packages/airflow/example_dags/example_subdag_operator.py for tasks to queue
[2021-04-23 15:32:47,368] {logging_mixin.py:104} INFO - [2021-04-23 15:32:47,368] {dagbag.py:451} INFO - Filling up the DagBag from /c/Users/Usuario/Desktop/Projetos/MyProjetos/Spotify/airflow-env/lib/python3.8/site-packages/airflow/example_dags/example_subdag_operator.py
[2021-04-23 15:32:47,386] {scheduler_job.py:639} INFO - DAG(s) dict_keys(['example_subdag_operator.section-1', 'example_subdag_operator.section-2', 'example_subdag_operator']) retrieved from /c/Users/Usuario/Desktop/Projetos/MyProjetos/Spotify/airflow-env/lib/python3.8/site-packages/airflow/example_dags/example_subdag_operator.py
[2021-04-23 15:32:47,393] {logging_mixin.py:104} INFO - [2021-04-23 15:32:47,393] {dag.py:1824} INFO - Sync 3 DAGs
[2021-04-23 15:32:47,400] {logging_mixin.py:104} INFO - [2021-04-23 15:32:47,400] {dag.py:2280} INFO - Setting next_dagrun for example_subdag_operator to 2021-04-21 00:00:00+00:00
[2021-04-23 15:32:47,400] {logging_mixin.py:104} INFO - [2021-04-23 15:32:47,400] {dag.py:2280} INFO - Setting next_dagrun for example_subdag_operator.section-1 to None
[2021-04-23 15:32:47,400] {logging_mixin.py:104} INFO - [2021-04-23 15:32:47,400] {dag.py:2280} INFO - Setting next_dagrun for example_subdag_operator.section-2 to None
[2021-04-23 15:32:47,407] {logging_mixin.py:104} INFO - [2021-04-23 15:32:47,407] {dag.py:1824} INFO - Sync 2 DAGs
[2021-04-23 15:32:47,415] {logging_mixin.py:104} INFO - [2021-04-23 15:32:47,415] {dag.py:2280} INFO - Setting next_dagrun for example_subdag_operator.section-1 to None
[2021-04-23 15:32:47,415] {logging_mixin.py:104} INFO - [2021-04-23 15:32:47,415] {dag.py:2280} INFO - Setting next_dagrun for example_subdag_operator.section-2 to None
[2021-04-23 15:32:47,426] {scheduler_job.py:190} INFO - Processing /c/Users/Usuario/Desktop/Projetos/MyProjetos/Spotify/airflow-env/lib/python3.8/site-packages/airflow/example_dags/example_subdag_operator.py took 0.061 seconds
[2021-04-23 15:33:15,740] {scheduler_job.py:182} INFO - Started process (PID=810) to work on /c/Users/Usuario/Desktop/Projetos/MyProjetos/Spotify/airflow-env/lib/python3.8/site-packages/airflow/example_dags/example_subdag_operator.py
[2021-04-23 15:33:15,740] {scheduler_job.py:629} INFO - Processing file /c/Users/Usuario/Desktop/Projetos/MyProjetos/Spotify/airflow-env/lib/python3.8/site-packages/airflow/example_dags/example_subdag_operator.py for tasks to queue
[2021-04-23 15:33:15,741] {logging_mixin.py:104} INFO - [2021-04-23 15:33:15,741] {dagbag.py:451} INFO - Filling up the DagBag from /c/Users/Usuario/Desktop/Projetos/MyProjetos/Spotify/airflow-env/lib/python3.8/site-packages/airflow/example_dags/example_subdag_operator.py
[2021-04-23 15:33:15,769] {scheduler_job.py:639} INFO - DAG(s) dict_keys(['example_subdag_operator.section-1', 'example_subdag_operator.section-2', 'example_subdag_operator']) retrieved from /c/Users/Usuario/Desktop/Projetos/MyProjetos/Spotify/airflow-env/lib/python3.8/site-packages/airflow/example_dags/example_subdag_operator.py
[2021-04-23 15:33:15,775] {logging_mixin.py:104} INFO - [2021-04-23 15:33:15,775] {dag.py:1824} INFO - Sync 3 DAGs
[2021-04-23 15:33:15,786] {logging_mixin.py:104} INFO - [2021-04-23 15:33:15,786] {dag.py:2280} INFO - Setting next_dagrun for example_subdag_operator to 2021-04-21 00:00:00+00:00
[2021-04-23 15:33:15,786] {logging_mixin.py:104} INFO - [2021-04-23 15:33:15,786] {dag.py:2280} INFO - Setting next_dagrun for example_subdag_operator.section-1 to None
[2021-04-23 15:33:15,787] {logging_mixin.py:104} INFO - [2021-04-23 15:33:15,787] {dag.py:2280} INFO - Setting next_dagrun for example_subdag_operator.section-2 to None
[2021-04-23 15:33:15,794] {logging_mixin.py:104} INFO - [2021-04-23 15:33:15,794] {dag.py:1824} INFO - Sync 2 DAGs
[2021-04-23 15:33:15,805] {logging_mixin.py:104} INFO - [2021-04-23 15:33:15,805] {dag.py:2280} INFO - Setting next_dagrun for example_subdag_operator.section-1 to None
[2021-04-23 15:33:15,805] {logging_mixin.py:104} INFO - [2021-04-23 15:33:15,805] {dag.py:2280} INFO - Setting next_dagrun for example_subdag_operator.section-2 to None
[2021-04-23 15:33:15,819] {scheduler_job.py:190} INFO - Processing /c/Users/Usuario/Desktop/Projetos/MyProjetos/Spotify/airflow-env/lib/python3.8/site-packages/airflow/example_dags/example_subdag_operator.py took 0.082 seconds
[2021-04-23 15:33:46,453] {scheduler_job.py:182} INFO - Started process (PID=854) to work on /c/Users/Usuario/Desktop/Projetos/MyProjetos/Spotify/airflow-env/lib/python3.8/site-packages/airflow/example_dags/example_subdag_operator.py
[2021-04-23 15:33:46,455] {scheduler_job.py:629} INFO - Processing file /c/Users/Usuario/Desktop/Projetos/MyProjetos/Spotify/airflow-env/lib/python3.8/site-packages/airflow/example_dags/example_subdag_operator.py for tasks to queue
[2021-04-23 15:33:46,455] {logging_mixin.py:104} INFO - [2021-04-23 15:33:46,455] {dagbag.py:451} INFO - Filling up the DagBag from /c/Users/Usuario/Desktop/Projetos/MyProjetos/Spotify/airflow-env/lib/python3.8/site-packages/airflow/example_dags/example_subdag_operator.py
[2021-04-23 15:33:46,481] {scheduler_job.py:639} INFO - DAG(s) dict_keys(['example_subdag_operator.section-1', 'example_subdag_operator.section-2', 'example_subdag_operator']) retrieved from /c/Users/Usuario/Desktop/Projetos/MyProjetos/Spotify/airflow-env/lib/python3.8/site-packages/airflow/example_dags/example_subdag_operator.py
[2021-04-23 15:33:46,488] {logging_mixin.py:104} INFO - [2021-04-23 15:33:46,488] {dag.py:1824} INFO - Sync 3 DAGs
[2021-04-23 15:33:46,497] {logging_mixin.py:104} INFO - [2021-04-23 15:33:46,497] {dag.py:2280} INFO - Setting next_dagrun for example_subdag_operator to 2021-04-21 00:00:00+00:00
[2021-04-23 15:33:46,498] {logging_mixin.py:104} INFO - [2021-04-23 15:33:46,498] {dag.py:2280} INFO - Setting next_dagrun for example_subdag_operator.section-1 to None
[2021-04-23 15:33:46,498] {logging_mixin.py:104} INFO - [2021-04-23 15:33:46,498] {dag.py:2280} INFO - Setting next_dagrun for example_subdag_operator.section-2 to None
[2021-04-23 15:33:46,505] {logging_mixin.py:104} INFO - [2021-04-23 15:33:46,505] {dag.py:1824} INFO - Sync 2 DAGs
[2021-04-23 15:33:46,516] {logging_mixin.py:104} INFO - [2021-04-23 15:33:46,516] {dag.py:2280} INFO - Setting next_dagrun for example_subdag_operator.section-1 to None
[2021-04-23 15:33:46,516] {logging_mixin.py:104} INFO - [2021-04-23 15:33:46,516] {dag.py:2280} INFO - Setting next_dagrun for example_subdag_operator.section-2 to None
[2021-04-23 15:33:46,528] {scheduler_job.py:190} INFO - Processing /c/Users/Usuario/Desktop/Projetos/MyProjetos/Spotify/airflow-env/lib/python3.8/site-packages/airflow/example_dags/example_subdag_operator.py took 0.078 seconds
