[2021-04-23 15:32:10,148] {scheduler_job.py:182} INFO - Started process (PID=733) to work on /c/Users/Usuario/Desktop/Projetos/MyProjetos/Spotify/airflow-env/lib/python3.8/site-packages/airflow/example_dags/example_nested_branch_dag.py
[2021-04-23 15:32:10,149] {scheduler_job.py:629} INFO - Processing file /c/Users/Usuario/Desktop/Projetos/MyProjetos/Spotify/airflow-env/lib/python3.8/site-packages/airflow/example_dags/example_nested_branch_dag.py for tasks to queue
[2021-04-23 15:32:10,150] {logging_mixin.py:104} INFO - [2021-04-23 15:32:10,150] {dagbag.py:451} INFO - Filling up the DagBag from /c/Users/Usuario/Desktop/Projetos/MyProjetos/Spotify/airflow-env/lib/python3.8/site-packages/airflow/example_dags/example_nested_branch_dag.py
[2021-04-23 15:32:10,167] {scheduler_job.py:639} INFO - DAG(s) dict_keys(['example_nested_branch_dag']) retrieved from /c/Users/Usuario/Desktop/Projetos/MyProjetos/Spotify/airflow-env/lib/python3.8/site-packages/airflow/example_dags/example_nested_branch_dag.py
[2021-04-23 15:32:10,179] {logging_mixin.py:104} INFO - [2021-04-23 15:32:10,179] {dag.py:1824} INFO - Sync 1 DAGs
[2021-04-23 15:32:10,191] {logging_mixin.py:104} INFO - [2021-04-23 15:32:10,190] {dag.py:2280} INFO - Setting next_dagrun for example_nested_branch_dag to 2021-04-21 00:00:00+00:00
[2021-04-23 15:32:10,206] {scheduler_job.py:190} INFO - Processing /c/Users/Usuario/Desktop/Projetos/MyProjetos/Spotify/airflow-env/lib/python3.8/site-packages/airflow/example_dags/example_nested_branch_dag.py took 0.062 seconds
[2021-04-23 15:32:42,216] {scheduler_job.py:182} INFO - Started process (PID=768) to work on /c/Users/Usuario/Desktop/Projetos/MyProjetos/Spotify/airflow-env/lib/python3.8/site-packages/airflow/example_dags/example_nested_branch_dag.py
[2021-04-23 15:32:42,217] {scheduler_job.py:629} INFO - Processing file /c/Users/Usuario/Desktop/Projetos/MyProjetos/Spotify/airflow-env/lib/python3.8/site-packages/airflow/example_dags/example_nested_branch_dag.py for tasks to queue
[2021-04-23 15:32:42,217] {logging_mixin.py:104} INFO - [2021-04-23 15:32:42,217] {dagbag.py:451} INFO - Filling up the DagBag from /c/Users/Usuario/Desktop/Projetos/MyProjetos/Spotify/airflow-env/lib/python3.8/site-packages/airflow/example_dags/example_nested_branch_dag.py
[2021-04-23 15:32:42,231] {scheduler_job.py:639} INFO - DAG(s) dict_keys(['example_nested_branch_dag']) retrieved from /c/Users/Usuario/Desktop/Projetos/MyProjetos/Spotify/airflow-env/lib/python3.8/site-packages/airflow/example_dags/example_nested_branch_dag.py
[2021-04-23 15:32:42,241] {logging_mixin.py:104} INFO - [2021-04-23 15:32:42,241] {dag.py:1824} INFO - Sync 1 DAGs
[2021-04-23 15:32:42,254] {logging_mixin.py:104} INFO - [2021-04-23 15:32:42,254] {dag.py:2280} INFO - Setting next_dagrun for example_nested_branch_dag to 2021-04-21 00:00:00+00:00
[2021-04-23 15:32:42,269] {scheduler_job.py:190} INFO - Processing /c/Users/Usuario/Desktop/Projetos/MyProjetos/Spotify/airflow-env/lib/python3.8/site-packages/airflow/example_dags/example_nested_branch_dag.py took 0.056 seconds
[2021-04-23 15:33:33,887] {scheduler_job.py:182} INFO - Started process (PID=837) to work on /c/Users/Usuario/Desktop/Projetos/MyProjetos/Spotify/airflow-env/lib/python3.8/site-packages/airflow/example_dags/example_nested_branch_dag.py
[2021-04-23 15:33:33,889] {scheduler_job.py:629} INFO - Processing file /c/Users/Usuario/Desktop/Projetos/MyProjetos/Spotify/airflow-env/lib/python3.8/site-packages/airflow/example_dags/example_nested_branch_dag.py for tasks to queue
[2021-04-23 15:33:33,889] {logging_mixin.py:104} INFO - [2021-04-23 15:33:33,889] {dagbag.py:451} INFO - Filling up the DagBag from /c/Users/Usuario/Desktop/Projetos/MyProjetos/Spotify/airflow-env/lib/python3.8/site-packages/airflow/example_dags/example_nested_branch_dag.py
[2021-04-23 15:33:33,900] {scheduler_job.py:639} INFO - DAG(s) dict_keys(['example_nested_branch_dag']) retrieved from /c/Users/Usuario/Desktop/Projetos/MyProjetos/Spotify/airflow-env/lib/python3.8/site-packages/airflow/example_dags/example_nested_branch_dag.py
[2021-04-23 15:33:33,910] {logging_mixin.py:104} INFO - [2021-04-23 15:33:33,910] {dag.py:1824} INFO - Sync 1 DAGs
[2021-04-23 15:33:33,921] {logging_mixin.py:104} INFO - [2021-04-23 15:33:33,921] {dag.py:2280} INFO - Setting next_dagrun for example_nested_branch_dag to 2021-04-21 00:00:00+00:00
[2021-04-23 15:33:33,933] {scheduler_job.py:190} INFO - Processing /c/Users/Usuario/Desktop/Projetos/MyProjetos/Spotify/airflow-env/lib/python3.8/site-packages/airflow/example_dags/example_nested_branch_dag.py took 0.048 seconds
