[2021-04-23 15:32:11,288] {scheduler_job.py:182} INFO - Started process (PID=734) to work on /c/Users/Usuario/Desktop/Projetos/MyProjetos/Spotify/airflow-env/lib/python3.8/site-packages/airflow/example_dags/example_latest_only_with_trigger.py
[2021-04-23 15:32:11,290] {scheduler_job.py:629} INFO - Processing file /c/Users/Usuario/Desktop/Projetos/MyProjetos/Spotify/airflow-env/lib/python3.8/site-packages/airflow/example_dags/example_latest_only_with_trigger.py for tasks to queue
[2021-04-23 15:32:11,291] {logging_mixin.py:104} INFO - [2021-04-23 15:32:11,291] {dagbag.py:451} INFO - Filling up the DagBag from /c/Users/Usuario/Desktop/Projetos/MyProjetos/Spotify/airflow-env/lib/python3.8/site-packages/airflow/example_dags/example_latest_only_with_trigger.py
[2021-04-23 15:32:11,300] {scheduler_job.py:639} INFO - DAG(s) dict_keys(['latest_only_with_trigger']) retrieved from /c/Users/Usuario/Desktop/Projetos/MyProjetos/Spotify/airflow-env/lib/python3.8/site-packages/airflow/example_dags/example_latest_only_with_trigger.py
[2021-04-23 15:32:11,310] {logging_mixin.py:104} INFO - [2021-04-23 15:32:11,310] {dag.py:1824} INFO - Sync 1 DAGs
[2021-04-23 15:32:11,320] {logging_mixin.py:104} INFO - [2021-04-23 15:32:11,320] {dag.py:2280} INFO - Setting next_dagrun for latest_only_with_trigger to 2021-04-21 00:00:00+00:00
[2021-04-23 15:32:11,334] {scheduler_job.py:190} INFO - Processing /c/Users/Usuario/Desktop/Projetos/MyProjetos/Spotify/airflow-env/lib/python3.8/site-packages/airflow/example_dags/example_latest_only_with_trigger.py took 0.048 seconds
[2021-04-23 15:32:44,482] {scheduler_job.py:182} INFO - Started process (PID=770) to work on /c/Users/Usuario/Desktop/Projetos/MyProjetos/Spotify/airflow-env/lib/python3.8/site-packages/airflow/example_dags/example_latest_only_with_trigger.py
[2021-04-23 15:32:44,483] {scheduler_job.py:629} INFO - Processing file /c/Users/Usuario/Desktop/Projetos/MyProjetos/Spotify/airflow-env/lib/python3.8/site-packages/airflow/example_dags/example_latest_only_with_trigger.py for tasks to queue
[2021-04-23 15:32:44,483] {logging_mixin.py:104} INFO - [2021-04-23 15:32:44,483] {dagbag.py:451} INFO - Filling up the DagBag from /c/Users/Usuario/Desktop/Projetos/MyProjetos/Spotify/airflow-env/lib/python3.8/site-packages/airflow/example_dags/example_latest_only_with_trigger.py
[2021-04-23 15:32:44,494] {scheduler_job.py:639} INFO - DAG(s) dict_keys(['latest_only_with_trigger']) retrieved from /c/Users/Usuario/Desktop/Projetos/MyProjetos/Spotify/airflow-env/lib/python3.8/site-packages/airflow/example_dags/example_latest_only_with_trigger.py
[2021-04-23 15:32:44,504] {logging_mixin.py:104} INFO - [2021-04-23 15:32:44,504] {dag.py:1824} INFO - Sync 1 DAGs
[2021-04-23 15:32:44,511] {logging_mixin.py:104} INFO - [2021-04-23 15:32:44,511] {dag.py:2280} INFO - Setting next_dagrun for latest_only_with_trigger to 2021-04-21 00:00:00+00:00
[2021-04-23 15:32:44,525] {scheduler_job.py:190} INFO - Processing /c/Users/Usuario/Desktop/Projetos/MyProjetos/Spotify/airflow-env/lib/python3.8/site-packages/airflow/example_dags/example_latest_only_with_trigger.py took 0.047 seconds
[2021-04-23 15:33:32,743] {scheduler_job.py:182} INFO - Started process (PID=836) to work on /c/Users/Usuario/Desktop/Projetos/MyProjetos/Spotify/airflow-env/lib/python3.8/site-packages/airflow/example_dags/example_latest_only_with_trigger.py
[2021-04-23 15:33:32,745] {scheduler_job.py:629} INFO - Processing file /c/Users/Usuario/Desktop/Projetos/MyProjetos/Spotify/airflow-env/lib/python3.8/site-packages/airflow/example_dags/example_latest_only_with_trigger.py for tasks to queue
[2021-04-23 15:33:32,745] {logging_mixin.py:104} INFO - [2021-04-23 15:33:32,745] {dagbag.py:451} INFO - Filling up the DagBag from /c/Users/Usuario/Desktop/Projetos/MyProjetos/Spotify/airflow-env/lib/python3.8/site-packages/airflow/example_dags/example_latest_only_with_trigger.py
[2021-04-23 15:33:32,756] {scheduler_job.py:639} INFO - DAG(s) dict_keys(['latest_only_with_trigger']) retrieved from /c/Users/Usuario/Desktop/Projetos/MyProjetos/Spotify/airflow-env/lib/python3.8/site-packages/airflow/example_dags/example_latest_only_with_trigger.py
[2021-04-23 15:33:32,766] {logging_mixin.py:104} INFO - [2021-04-23 15:33:32,766] {dag.py:1824} INFO - Sync 1 DAGs
[2021-04-23 15:33:32,773] {logging_mixin.py:104} INFO - [2021-04-23 15:33:32,773] {dag.py:2280} INFO - Setting next_dagrun for latest_only_with_trigger to 2021-04-21 00:00:00+00:00
[2021-04-23 15:33:32,786] {scheduler_job.py:190} INFO - Processing /c/Users/Usuario/Desktop/Projetos/MyProjetos/Spotify/airflow-env/lib/python3.8/site-packages/airflow/example_dags/example_latest_only_with_trigger.py took 0.048 seconds
