[2021-04-23 15:31:52,007] {scheduler_job.py:182} INFO - Started process (PID=706) to work on /c/Users/Usuario/Desktop/Projetos/MyProjetos/Spotify/airflow-env/lib/python3.8/site-packages/airflow/example_dags/example_kubernetes_executor_config.py
[2021-04-23 15:31:52,007] {scheduler_job.py:629} INFO - Processing file /c/Users/Usuario/Desktop/Projetos/MyProjetos/Spotify/airflow-env/lib/python3.8/site-packages/airflow/example_dags/example_kubernetes_executor_config.py for tasks to queue
[2021-04-23 15:31:52,008] {logging_mixin.py:104} INFO - [2021-04-23 15:31:52,008] {dagbag.py:451} INFO - Filling up the DagBag from /c/Users/Usuario/Desktop/Projetos/MyProjetos/Spotify/airflow-env/lib/python3.8/site-packages/airflow/example_dags/example_kubernetes_executor_config.py
[2021-04-23 15:31:52,019] {scheduler_job.py:639} INFO - DAG(s) dict_keys(['example_kubernetes_executor_config']) retrieved from /c/Users/Usuario/Desktop/Projetos/MyProjetos/Spotify/airflow-env/lib/python3.8/site-packages/airflow/example_dags/example_kubernetes_executor_config.py
[2021-04-23 15:31:52,030] {logging_mixin.py:104} INFO - [2021-04-23 15:31:52,030] {dag.py:1824} INFO - Sync 1 DAGs
[2021-04-23 15:31:52,037] {logging_mixin.py:104} INFO - [2021-04-23 15:31:52,037] {dag.py:2280} INFO - Setting next_dagrun for example_kubernetes_executor_config to None
[2021-04-23 15:31:52,050] {scheduler_job.py:190} INFO - Processing /c/Users/Usuario/Desktop/Projetos/MyProjetos/Spotify/airflow-env/lib/python3.8/site-packages/airflow/example_dags/example_kubernetes_executor_config.py took 0.046 seconds
[2021-04-23 15:32:22,739] {scheduler_job.py:182} INFO - Started process (PID=741) to work on /c/Users/Usuario/Desktop/Projetos/MyProjetos/Spotify/airflow-env/lib/python3.8/site-packages/airflow/example_dags/example_kubernetes_executor_config.py
[2021-04-23 15:32:22,740] {scheduler_job.py:629} INFO - Processing file /c/Users/Usuario/Desktop/Projetos/MyProjetos/Spotify/airflow-env/lib/python3.8/site-packages/airflow/example_dags/example_kubernetes_executor_config.py for tasks to queue
[2021-04-23 15:32:22,741] {logging_mixin.py:104} INFO - [2021-04-23 15:32:22,741] {dagbag.py:451} INFO - Filling up the DagBag from /c/Users/Usuario/Desktop/Projetos/MyProjetos/Spotify/airflow-env/lib/python3.8/site-packages/airflow/example_dags/example_kubernetes_executor_config.py
[2021-04-23 15:32:22,752] {scheduler_job.py:639} INFO - DAG(s) dict_keys(['example_kubernetes_executor_config']) retrieved from /c/Users/Usuario/Desktop/Projetos/MyProjetos/Spotify/airflow-env/lib/python3.8/site-packages/airflow/example_dags/example_kubernetes_executor_config.py
[2021-04-23 15:32:22,765] {logging_mixin.py:104} INFO - [2021-04-23 15:32:22,765] {dag.py:1824} INFO - Sync 1 DAGs
[2021-04-23 15:32:22,773] {logging_mixin.py:104} INFO - [2021-04-23 15:32:22,773] {dag.py:2280} INFO - Setting next_dagrun for example_kubernetes_executor_config to None
[2021-04-23 15:32:22,786] {scheduler_job.py:190} INFO - Processing /c/Users/Usuario/Desktop/Projetos/MyProjetos/Spotify/airflow-env/lib/python3.8/site-packages/airflow/example_dags/example_kubernetes_executor_config.py took 0.050 seconds
[2021-04-23 15:32:53,540] {scheduler_job.py:182} INFO - Started process (PID=776) to work on /c/Users/Usuario/Desktop/Projetos/MyProjetos/Spotify/airflow-env/lib/python3.8/site-packages/airflow/example_dags/example_kubernetes_executor_config.py
[2021-04-23 15:32:53,541] {scheduler_job.py:629} INFO - Processing file /c/Users/Usuario/Desktop/Projetos/MyProjetos/Spotify/airflow-env/lib/python3.8/site-packages/airflow/example_dags/example_kubernetes_executor_config.py for tasks to queue
[2021-04-23 15:32:53,541] {logging_mixin.py:104} INFO - [2021-04-23 15:32:53,541] {dagbag.py:451} INFO - Filling up the DagBag from /c/Users/Usuario/Desktop/Projetos/MyProjetos/Spotify/airflow-env/lib/python3.8/site-packages/airflow/example_dags/example_kubernetes_executor_config.py
[2021-04-23 15:32:53,552] {scheduler_job.py:639} INFO - DAG(s) dict_keys(['example_kubernetes_executor_config']) retrieved from /c/Users/Usuario/Desktop/Projetos/MyProjetos/Spotify/airflow-env/lib/python3.8/site-packages/airflow/example_dags/example_kubernetes_executor_config.py
[2021-04-23 15:32:53,564] {logging_mixin.py:104} INFO - [2021-04-23 15:32:53,564] {dag.py:1824} INFO - Sync 1 DAGs
[2021-04-23 15:32:53,571] {logging_mixin.py:104} INFO - [2021-04-23 15:32:53,571] {dag.py:2280} INFO - Setting next_dagrun for example_kubernetes_executor_config to None
[2021-04-23 15:32:53,584] {scheduler_job.py:190} INFO - Processing /c/Users/Usuario/Desktop/Projetos/MyProjetos/Spotify/airflow-env/lib/python3.8/site-packages/airflow/example_dags/example_kubernetes_executor_config.py took 0.046 seconds
[2021-04-23 15:33:29,867] {scheduler_job.py:182} INFO - Started process (PID=825) to work on /c/Users/Usuario/Desktop/Projetos/MyProjetos/Spotify/airflow-env/lib/python3.8/site-packages/airflow/example_dags/example_kubernetes_executor_config.py
[2021-04-23 15:33:29,868] {scheduler_job.py:629} INFO - Processing file /c/Users/Usuario/Desktop/Projetos/MyProjetos/Spotify/airflow-env/lib/python3.8/site-packages/airflow/example_dags/example_kubernetes_executor_config.py for tasks to queue
[2021-04-23 15:33:29,868] {logging_mixin.py:104} INFO - [2021-04-23 15:33:29,868] {dagbag.py:451} INFO - Filling up the DagBag from /c/Users/Usuario/Desktop/Projetos/MyProjetos/Spotify/airflow-env/lib/python3.8/site-packages/airflow/example_dags/example_kubernetes_executor_config.py
[2021-04-23 15:33:29,880] {scheduler_job.py:639} INFO - DAG(s) dict_keys(['example_kubernetes_executor_config']) retrieved from /c/Users/Usuario/Desktop/Projetos/MyProjetos/Spotify/airflow-env/lib/python3.8/site-packages/airflow/example_dags/example_kubernetes_executor_config.py
[2021-04-23 15:33:29,892] {logging_mixin.py:104} INFO - [2021-04-23 15:33:29,892] {dag.py:1824} INFO - Sync 1 DAGs
[2021-04-23 15:33:29,899] {logging_mixin.py:104} INFO - [2021-04-23 15:33:29,899] {dag.py:2280} INFO - Setting next_dagrun for example_kubernetes_executor_config to None
[2021-04-23 15:33:29,911] {scheduler_job.py:190} INFO - Processing /c/Users/Usuario/Desktop/Projetos/MyProjetos/Spotify/airflow-env/lib/python3.8/site-packages/airflow/example_dags/example_kubernetes_executor_config.py took 0.047 seconds
