[2021-04-23 15:32:02,124] {scheduler_job.py:182} INFO - Started process (PID=724) to work on /c/Users/Usuario/Desktop/Projetos/MyProjetos/Spotify/airflow-env/lib/python3.8/site-packages/airflow/example_dags/example_trigger_target_dag.py
[2021-04-23 15:32:02,125] {scheduler_job.py:629} INFO - Processing file /c/Users/Usuario/Desktop/Projetos/MyProjetos/Spotify/airflow-env/lib/python3.8/site-packages/airflow/example_dags/example_trigger_target_dag.py for tasks to queue
[2021-04-23 15:32:02,126] {logging_mixin.py:104} INFO - [2021-04-23 15:32:02,126] {dagbag.py:451} INFO - Filling up the DagBag from /c/Users/Usuario/Desktop/Projetos/MyProjetos/Spotify/airflow-env/lib/python3.8/site-packages/airflow/example_dags/example_trigger_target_dag.py
[2021-04-23 15:32:02,136] {scheduler_job.py:639} INFO - DAG(s) dict_keys(['example_trigger_target_dag']) retrieved from /c/Users/Usuario/Desktop/Projetos/MyProjetos/Spotify/airflow-env/lib/python3.8/site-packages/airflow/example_dags/example_trigger_target_dag.py
[2021-04-23 15:32:02,147] {logging_mixin.py:104} INFO - [2021-04-23 15:32:02,147] {dag.py:1824} INFO - Sync 1 DAGs
[2021-04-23 15:32:02,153] {logging_mixin.py:104} INFO - [2021-04-23 15:32:02,153] {dag.py:2280} INFO - Setting next_dagrun for example_trigger_target_dag to None
[2021-04-23 15:32:02,166] {scheduler_job.py:190} INFO - Processing /c/Users/Usuario/Desktop/Projetos/MyProjetos/Spotify/airflow-env/lib/python3.8/site-packages/airflow/example_dags/example_trigger_target_dag.py took 0.045 seconds
[2021-04-23 15:32:33,054] {scheduler_job.py:182} INFO - Started process (PID=759) to work on /c/Users/Usuario/Desktop/Projetos/MyProjetos/Spotify/airflow-env/lib/python3.8/site-packages/airflow/example_dags/example_trigger_target_dag.py
[2021-04-23 15:32:33,054] {scheduler_job.py:629} INFO - Processing file /c/Users/Usuario/Desktop/Projetos/MyProjetos/Spotify/airflow-env/lib/python3.8/site-packages/airflow/example_dags/example_trigger_target_dag.py for tasks to queue
[2021-04-23 15:32:33,055] {logging_mixin.py:104} INFO - [2021-04-23 15:32:33,055] {dagbag.py:451} INFO - Filling up the DagBag from /c/Users/Usuario/Desktop/Projetos/MyProjetos/Spotify/airflow-env/lib/python3.8/site-packages/airflow/example_dags/example_trigger_target_dag.py
[2021-04-23 15:32:33,064] {scheduler_job.py:639} INFO - DAG(s) dict_keys(['example_trigger_target_dag']) retrieved from /c/Users/Usuario/Desktop/Projetos/MyProjetos/Spotify/airflow-env/lib/python3.8/site-packages/airflow/example_dags/example_trigger_target_dag.py
[2021-04-23 15:32:33,074] {logging_mixin.py:104} INFO - [2021-04-23 15:32:33,074] {dag.py:1824} INFO - Sync 1 DAGs
[2021-04-23 15:32:33,082] {logging_mixin.py:104} INFO - [2021-04-23 15:32:33,082] {dag.py:2280} INFO - Setting next_dagrun for example_trigger_target_dag to None
[2021-04-23 15:32:33,094] {scheduler_job.py:190} INFO - Processing /c/Users/Usuario/Desktop/Projetos/MyProjetos/Spotify/airflow-env/lib/python3.8/site-packages/airflow/example_dags/example_trigger_target_dag.py took 0.043 seconds
[2021-04-23 15:33:03,847] {scheduler_job.py:182} INFO - Started process (PID=794) to work on /c/Users/Usuario/Desktop/Projetos/MyProjetos/Spotify/airflow-env/lib/python3.8/site-packages/airflow/example_dags/example_trigger_target_dag.py
[2021-04-23 15:33:03,848] {scheduler_job.py:629} INFO - Processing file /c/Users/Usuario/Desktop/Projetos/MyProjetos/Spotify/airflow-env/lib/python3.8/site-packages/airflow/example_dags/example_trigger_target_dag.py for tasks to queue
[2021-04-23 15:33:03,848] {logging_mixin.py:104} INFO - [2021-04-23 15:33:03,848] {dagbag.py:451} INFO - Filling up the DagBag from /c/Users/Usuario/Desktop/Projetos/MyProjetos/Spotify/airflow-env/lib/python3.8/site-packages/airflow/example_dags/example_trigger_target_dag.py
[2021-04-23 15:33:03,859] {scheduler_job.py:639} INFO - DAG(s) dict_keys(['example_trigger_target_dag']) retrieved from /c/Users/Usuario/Desktop/Projetos/MyProjetos/Spotify/airflow-env/lib/python3.8/site-packages/airflow/example_dags/example_trigger_target_dag.py
[2021-04-23 15:33:03,869] {logging_mixin.py:104} INFO - [2021-04-23 15:33:03,869] {dag.py:1824} INFO - Sync 1 DAGs
[2021-04-23 15:33:03,877] {logging_mixin.py:104} INFO - [2021-04-23 15:33:03,877] {dag.py:2280} INFO - Setting next_dagrun for example_trigger_target_dag to None
[2021-04-23 15:33:03,889] {scheduler_job.py:190} INFO - Processing /c/Users/Usuario/Desktop/Projetos/MyProjetos/Spotify/airflow-env/lib/python3.8/site-packages/airflow/example_dags/example_trigger_target_dag.py took 0.044 seconds
[2021-04-23 15:33:25,854] {scheduler_job.py:182} INFO - Started process (PID=820) to work on /c/Users/Usuario/Desktop/Projetos/MyProjetos/Spotify/airflow-env/lib/python3.8/site-packages/airflow/example_dags/example_trigger_target_dag.py
[2021-04-23 15:33:25,855] {scheduler_job.py:629} INFO - Processing file /c/Users/Usuario/Desktop/Projetos/MyProjetos/Spotify/airflow-env/lib/python3.8/site-packages/airflow/example_dags/example_trigger_target_dag.py for tasks to queue
[2021-04-23 15:33:25,856] {logging_mixin.py:104} INFO - [2021-04-23 15:33:25,855] {dagbag.py:451} INFO - Filling up the DagBag from /c/Users/Usuario/Desktop/Projetos/MyProjetos/Spotify/airflow-env/lib/python3.8/site-packages/airflow/example_dags/example_trigger_target_dag.py
[2021-04-23 15:33:25,865] {scheduler_job.py:639} INFO - DAG(s) dict_keys(['example_trigger_target_dag']) retrieved from /c/Users/Usuario/Desktop/Projetos/MyProjetos/Spotify/airflow-env/lib/python3.8/site-packages/airflow/example_dags/example_trigger_target_dag.py
[2021-04-23 15:33:25,875] {logging_mixin.py:104} INFO - [2021-04-23 15:33:25,875] {dag.py:1824} INFO - Sync 1 DAGs
[2021-04-23 15:33:25,883] {logging_mixin.py:104} INFO - [2021-04-23 15:33:25,882] {dag.py:2280} INFO - Setting next_dagrun for example_trigger_target_dag to None
[2021-04-23 15:33:25,895] {scheduler_job.py:190} INFO - Processing /c/Users/Usuario/Desktop/Projetos/MyProjetos/Spotify/airflow-env/lib/python3.8/site-packages/airflow/example_dags/example_trigger_target_dag.py took 0.043 seconds
