[2021-04-23 15:31:54,271] {scheduler_job.py:182} INFO - Started process (PID=708) to work on /c/Users/Usuario/Desktop/Projetos/MyProjetos/Spotify/airflow-env/lib/python3.8/site-packages/airflow/example_dags/example_branch_python_dop_operator_3.py
[2021-04-23 15:31:54,272] {scheduler_job.py:629} INFO - Processing file /c/Users/Usuario/Desktop/Projetos/MyProjetos/Spotify/airflow-env/lib/python3.8/site-packages/airflow/example_dags/example_branch_python_dop_operator_3.py for tasks to queue
[2021-04-23 15:31:54,273] {logging_mixin.py:104} INFO - [2021-04-23 15:31:54,273] {dagbag.py:451} INFO - Filling up the DagBag from /c/Users/Usuario/Desktop/Projetos/MyProjetos/Spotify/airflow-env/lib/python3.8/site-packages/airflow/example_dags/example_branch_python_dop_operator_3.py
[2021-04-23 15:31:54,285] {scheduler_job.py:639} INFO - DAG(s) dict_keys(['example_branch_dop_operator_v3']) retrieved from /c/Users/Usuario/Desktop/Projetos/MyProjetos/Spotify/airflow-env/lib/python3.8/site-packages/airflow/example_dags/example_branch_python_dop_operator_3.py
[2021-04-23 15:31:54,295] {logging_mixin.py:104} INFO - [2021-04-23 15:31:54,295] {dag.py:1824} INFO - Sync 1 DAGs
[2021-04-23 15:31:54,308] {logging_mixin.py:104} INFO - [2021-04-23 15:31:54,308] {dag.py:2280} INFO - Setting next_dagrun for example_branch_dop_operator_v3 to 2021-04-21 00:00:00+00:00
[2021-04-23 15:31:54,321] {scheduler_job.py:190} INFO - Processing /c/Users/Usuario/Desktop/Projetos/MyProjetos/Spotify/airflow-env/lib/python3.8/site-packages/airflow/example_dags/example_branch_python_dop_operator_3.py took 0.052 seconds
[2021-04-23 15:32:25,005] {scheduler_job.py:182} INFO - Started process (PID=743) to work on /c/Users/Usuario/Desktop/Projetos/MyProjetos/Spotify/airflow-env/lib/python3.8/site-packages/airflow/example_dags/example_branch_python_dop_operator_3.py
[2021-04-23 15:32:25,007] {scheduler_job.py:629} INFO - Processing file /c/Users/Usuario/Desktop/Projetos/MyProjetos/Spotify/airflow-env/lib/python3.8/site-packages/airflow/example_dags/example_branch_python_dop_operator_3.py for tasks to queue
[2021-04-23 15:32:25,007] {logging_mixin.py:104} INFO - [2021-04-23 15:32:25,007] {dagbag.py:451} INFO - Filling up the DagBag from /c/Users/Usuario/Desktop/Projetos/MyProjetos/Spotify/airflow-env/lib/python3.8/site-packages/airflow/example_dags/example_branch_python_dop_operator_3.py
[2021-04-23 15:32:25,022] {scheduler_job.py:639} INFO - DAG(s) dict_keys(['example_branch_dop_operator_v3']) retrieved from /c/Users/Usuario/Desktop/Projetos/MyProjetos/Spotify/airflow-env/lib/python3.8/site-packages/airflow/example_dags/example_branch_python_dop_operator_3.py
[2021-04-23 15:32:25,034] {logging_mixin.py:104} INFO - [2021-04-23 15:32:25,034] {dag.py:1824} INFO - Sync 1 DAGs
[2021-04-23 15:32:25,052] {logging_mixin.py:104} INFO - [2021-04-23 15:32:25,052] {dag.py:2280} INFO - Setting next_dagrun for example_branch_dop_operator_v3 to 2021-04-21 00:00:00+00:00
[2021-04-23 15:32:25,067] {scheduler_job.py:190} INFO - Processing /c/Users/Usuario/Desktop/Projetos/MyProjetos/Spotify/airflow-env/lib/python3.8/site-packages/airflow/example_dags/example_branch_python_dop_operator_3.py took 0.064 seconds
[2021-04-23 15:32:55,811] {scheduler_job.py:182} INFO - Started process (PID=778) to work on /c/Users/Usuario/Desktop/Projetos/MyProjetos/Spotify/airflow-env/lib/python3.8/site-packages/airflow/example_dags/example_branch_python_dop_operator_3.py
[2021-04-23 15:32:55,812] {scheduler_job.py:629} INFO - Processing file /c/Users/Usuario/Desktop/Projetos/MyProjetos/Spotify/airflow-env/lib/python3.8/site-packages/airflow/example_dags/example_branch_python_dop_operator_3.py for tasks to queue
[2021-04-23 15:32:55,812] {logging_mixin.py:104} INFO - [2021-04-23 15:32:55,812] {dagbag.py:451} INFO - Filling up the DagBag from /c/Users/Usuario/Desktop/Projetos/MyProjetos/Spotify/airflow-env/lib/python3.8/site-packages/airflow/example_dags/example_branch_python_dop_operator_3.py
[2021-04-23 15:32:55,824] {scheduler_job.py:639} INFO - DAG(s) dict_keys(['example_branch_dop_operator_v3']) retrieved from /c/Users/Usuario/Desktop/Projetos/MyProjetos/Spotify/airflow-env/lib/python3.8/site-packages/airflow/example_dags/example_branch_python_dop_operator_3.py
[2021-04-23 15:32:55,835] {logging_mixin.py:104} INFO - [2021-04-23 15:32:55,835] {dag.py:1824} INFO - Sync 1 DAGs
[2021-04-23 15:32:55,851] {logging_mixin.py:104} INFO - [2021-04-23 15:32:55,851] {dag.py:2280} INFO - Setting next_dagrun for example_branch_dop_operator_v3 to 2021-04-21 00:00:00+00:00
[2021-04-23 15:32:55,866] {scheduler_job.py:190} INFO - Processing /c/Users/Usuario/Desktop/Projetos/MyProjetos/Spotify/airflow-env/lib/python3.8/site-packages/airflow/example_dags/example_branch_python_dop_operator_3.py took 0.059 seconds
[2021-04-23 15:33:22,433] {scheduler_job.py:182} INFO - Started process (PID=817) to work on /c/Users/Usuario/Desktop/Projetos/MyProjetos/Spotify/airflow-env/lib/python3.8/site-packages/airflow/example_dags/example_branch_python_dop_operator_3.py
[2021-04-23 15:33:22,434] {scheduler_job.py:629} INFO - Processing file /c/Users/Usuario/Desktop/Projetos/MyProjetos/Spotify/airflow-env/lib/python3.8/site-packages/airflow/example_dags/example_branch_python_dop_operator_3.py for tasks to queue
[2021-04-23 15:33:22,435] {logging_mixin.py:104} INFO - [2021-04-23 15:33:22,435] {dagbag.py:451} INFO - Filling up the DagBag from /c/Users/Usuario/Desktop/Projetos/MyProjetos/Spotify/airflow-env/lib/python3.8/site-packages/airflow/example_dags/example_branch_python_dop_operator_3.py
[2021-04-23 15:33:22,450] {scheduler_job.py:639} INFO - DAG(s) dict_keys(['example_branch_dop_operator_v3']) retrieved from /c/Users/Usuario/Desktop/Projetos/MyProjetos/Spotify/airflow-env/lib/python3.8/site-packages/airflow/example_dags/example_branch_python_dop_operator_3.py
[2021-04-23 15:33:22,465] {logging_mixin.py:104} INFO - [2021-04-23 15:33:22,465] {dag.py:1824} INFO - Sync 1 DAGs
[2021-04-23 15:33:22,485] {logging_mixin.py:104} INFO - [2021-04-23 15:33:22,485] {dag.py:2280} INFO - Setting next_dagrun for example_branch_dop_operator_v3 to 2021-04-21 00:00:00+00:00
[2021-04-23 15:33:22,502] {scheduler_job.py:190} INFO - Processing /c/Users/Usuario/Desktop/Projetos/MyProjetos/Spotify/airflow-env/lib/python3.8/site-packages/airflow/example_dags/example_branch_python_dop_operator_3.py took 0.072 seconds
