[2021-04-23 15:32:04,393] {scheduler_job.py:182} INFO - Started process (PID=726) to work on /c/Users/Usuario/Desktop/Projetos/MyProjetos/Spotify/airflow-env/lib/python3.8/site-packages/airflow/example_dags/example_task_group.py
[2021-04-23 15:32:04,394] {scheduler_job.py:629} INFO - Processing file /c/Users/Usuario/Desktop/Projetos/MyProjetos/Spotify/airflow-env/lib/python3.8/site-packages/airflow/example_dags/example_task_group.py for tasks to queue
[2021-04-23 15:32:04,394] {logging_mixin.py:104} INFO - [2021-04-23 15:32:04,394] {dagbag.py:451} INFO - Filling up the DagBag from /c/Users/Usuario/Desktop/Projetos/MyProjetos/Spotify/airflow-env/lib/python3.8/site-packages/airflow/example_dags/example_task_group.py
[2021-04-23 15:32:04,404] {scheduler_job.py:639} INFO - DAG(s) dict_keys(['example_task_group']) retrieved from /c/Users/Usuario/Desktop/Projetos/MyProjetos/Spotify/airflow-env/lib/python3.8/site-packages/airflow/example_dags/example_task_group.py
[2021-04-23 15:32:04,412] {logging_mixin.py:104} INFO - [2021-04-23 15:32:04,412] {dag.py:1824} INFO - Sync 1 DAGs
[2021-04-23 15:32:04,419] {logging_mixin.py:104} INFO - [2021-04-23 15:32:04,419] {dag.py:2280} INFO - Setting next_dagrun for example_task_group to 2021-04-21 00:00:00+00:00
[2021-04-23 15:32:04,447] {scheduler_job.py:190} INFO - Processing /c/Users/Usuario/Desktop/Projetos/MyProjetos/Spotify/airflow-env/lib/python3.8/site-packages/airflow/example_dags/example_task_group.py took 0.057 seconds
[2021-04-23 15:32:34,849] {scheduler_job.py:182} INFO - Started process (PID=761) to work on /c/Users/Usuario/Desktop/Projetos/MyProjetos/Spotify/airflow-env/lib/python3.8/site-packages/airflow/example_dags/example_task_group.py
[2021-04-23 15:32:34,849] {scheduler_job.py:629} INFO - Processing file /c/Users/Usuario/Desktop/Projetos/MyProjetos/Spotify/airflow-env/lib/python3.8/site-packages/airflow/example_dags/example_task_group.py for tasks to queue
[2021-04-23 15:32:34,850] {logging_mixin.py:104} INFO - [2021-04-23 15:32:34,850] {dagbag.py:451} INFO - Filling up the DagBag from /c/Users/Usuario/Desktop/Projetos/MyProjetos/Spotify/airflow-env/lib/python3.8/site-packages/airflow/example_dags/example_task_group.py
[2021-04-23 15:32:34,860] {scheduler_job.py:639} INFO - DAG(s) dict_keys(['example_task_group']) retrieved from /c/Users/Usuario/Desktop/Projetos/MyProjetos/Spotify/airflow-env/lib/python3.8/site-packages/airflow/example_dags/example_task_group.py
[2021-04-23 15:32:34,870] {logging_mixin.py:104} INFO - [2021-04-23 15:32:34,870] {dag.py:1824} INFO - Sync 1 DAGs
[2021-04-23 15:32:34,879] {logging_mixin.py:104} INFO - [2021-04-23 15:32:34,879] {dag.py:2280} INFO - Setting next_dagrun for example_task_group to 2021-04-21 00:00:00+00:00
[2021-04-23 15:32:34,892] {scheduler_job.py:190} INFO - Processing /c/Users/Usuario/Desktop/Projetos/MyProjetos/Spotify/airflow-env/lib/python3.8/site-packages/airflow/example_dags/example_task_group.py took 0.046 seconds
[2021-04-23 15:33:06,119] {scheduler_job.py:182} INFO - Started process (PID=796) to work on /c/Users/Usuario/Desktop/Projetos/MyProjetos/Spotify/airflow-env/lib/python3.8/site-packages/airflow/example_dags/example_task_group.py
[2021-04-23 15:33:06,120] {scheduler_job.py:629} INFO - Processing file /c/Users/Usuario/Desktop/Projetos/MyProjetos/Spotify/airflow-env/lib/python3.8/site-packages/airflow/example_dags/example_task_group.py for tasks to queue
[2021-04-23 15:33:06,120] {logging_mixin.py:104} INFO - [2021-04-23 15:33:06,120] {dagbag.py:451} INFO - Filling up the DagBag from /c/Users/Usuario/Desktop/Projetos/MyProjetos/Spotify/airflow-env/lib/python3.8/site-packages/airflow/example_dags/example_task_group.py
[2021-04-23 15:33:06,130] {scheduler_job.py:639} INFO - DAG(s) dict_keys(['example_task_group']) retrieved from /c/Users/Usuario/Desktop/Projetos/MyProjetos/Spotify/airflow-env/lib/python3.8/site-packages/airflow/example_dags/example_task_group.py
[2021-04-23 15:33:06,140] {logging_mixin.py:104} INFO - [2021-04-23 15:33:06,140] {dag.py:1824} INFO - Sync 1 DAGs
[2021-04-23 15:33:06,147] {logging_mixin.py:104} INFO - [2021-04-23 15:33:06,147] {dag.py:2280} INFO - Setting next_dagrun for example_task_group to 2021-04-21 00:00:00+00:00
[2021-04-23 15:33:06,160] {scheduler_job.py:190} INFO - Processing /c/Users/Usuario/Desktop/Projetos/MyProjetos/Spotify/airflow-env/lib/python3.8/site-packages/airflow/example_dags/example_task_group.py took 0.044 seconds
[2021-04-23 15:33:32,134] {scheduler_job.py:182} INFO - Started process (PID=835) to work on /c/Users/Usuario/Desktop/Projetos/MyProjetos/Spotify/airflow-env/lib/python3.8/site-packages/airflow/example_dags/example_task_group.py
[2021-04-23 15:33:32,135] {scheduler_job.py:629} INFO - Processing file /c/Users/Usuario/Desktop/Projetos/MyProjetos/Spotify/airflow-env/lib/python3.8/site-packages/airflow/example_dags/example_task_group.py for tasks to queue
[2021-04-23 15:33:32,135] {logging_mixin.py:104} INFO - [2021-04-23 15:33:32,135] {dagbag.py:451} INFO - Filling up the DagBag from /c/Users/Usuario/Desktop/Projetos/MyProjetos/Spotify/airflow-env/lib/python3.8/site-packages/airflow/example_dags/example_task_group.py
[2021-04-23 15:33:32,145] {scheduler_job.py:639} INFO - DAG(s) dict_keys(['example_task_group']) retrieved from /c/Users/Usuario/Desktop/Projetos/MyProjetos/Spotify/airflow-env/lib/python3.8/site-packages/airflow/example_dags/example_task_group.py
[2021-04-23 15:33:32,157] {logging_mixin.py:104} INFO - [2021-04-23 15:33:32,157] {dag.py:1824} INFO - Sync 1 DAGs
[2021-04-23 15:33:32,164] {logging_mixin.py:104} INFO - [2021-04-23 15:33:32,164] {dag.py:2280} INFO - Setting next_dagrun for example_task_group to 2021-04-21 00:00:00+00:00
[2021-04-23 15:33:32,177] {scheduler_job.py:190} INFO - Processing /c/Users/Usuario/Desktop/Projetos/MyProjetos/Spotify/airflow-env/lib/python3.8/site-packages/airflow/example_dags/example_task_group.py took 0.046 seconds
