[2021-04-23 15:32:03,260] {scheduler_job.py:182} INFO - Started process (PID=725) to work on /c/Users/Usuario/Desktop/Projetos/MyProjetos/Spotify/airflow-env/lib/python3.8/site-packages/airflow/example_dags/example_xcomargs.py
[2021-04-23 15:32:03,261] {scheduler_job.py:629} INFO - Processing file /c/Users/Usuario/Desktop/Projetos/MyProjetos/Spotify/airflow-env/lib/python3.8/site-packages/airflow/example_dags/example_xcomargs.py for tasks to queue
[2021-04-23 15:32:03,261] {logging_mixin.py:104} INFO - [2021-04-23 15:32:03,261] {dagbag.py:451} INFO - Filling up the DagBag from /c/Users/Usuario/Desktop/Projetos/MyProjetos/Spotify/airflow-env/lib/python3.8/site-packages/airflow/example_dags/example_xcomargs.py
[2021-04-23 15:32:03,272] {scheduler_job.py:639} INFO - DAG(s) dict_keys(['example_xcom_args', 'example_xcom_args_with_operators']) retrieved from /c/Users/Usuario/Desktop/Projetos/MyProjetos/Spotify/airflow-env/lib/python3.8/site-packages/airflow/example_dags/example_xcomargs.py
[2021-04-23 15:32:03,284] {logging_mixin.py:104} INFO - [2021-04-23 15:32:03,284] {dag.py:1824} INFO - Sync 2 DAGs
[2021-04-23 15:32:03,292] {logging_mixin.py:104} INFO - [2021-04-23 15:32:03,292] {dag.py:2280} INFO - Setting next_dagrun for example_xcom_args to None
[2021-04-23 15:32:03,293] {logging_mixin.py:104} INFO - [2021-04-23 15:32:03,293] {dag.py:2280} INFO - Setting next_dagrun for example_xcom_args_with_operators to None
[2021-04-23 15:32:03,306] {scheduler_job.py:190} INFO - Processing /c/Users/Usuario/Desktop/Projetos/MyProjetos/Spotify/airflow-env/lib/python3.8/site-packages/airflow/example_dags/example_xcomargs.py took 0.051 seconds
[2021-04-23 15:32:34,186] {scheduler_job.py:182} INFO - Started process (PID=760) to work on /c/Users/Usuario/Desktop/Projetos/MyProjetos/Spotify/airflow-env/lib/python3.8/site-packages/airflow/example_dags/example_xcomargs.py
[2021-04-23 15:32:34,187] {scheduler_job.py:629} INFO - Processing file /c/Users/Usuario/Desktop/Projetos/MyProjetos/Spotify/airflow-env/lib/python3.8/site-packages/airflow/example_dags/example_xcomargs.py for tasks to queue
[2021-04-23 15:32:34,188] {logging_mixin.py:104} INFO - [2021-04-23 15:32:34,187] {dagbag.py:451} INFO - Filling up the DagBag from /c/Users/Usuario/Desktop/Projetos/MyProjetos/Spotify/airflow-env/lib/python3.8/site-packages/airflow/example_dags/example_xcomargs.py
[2021-04-23 15:32:34,199] {scheduler_job.py:639} INFO - DAG(s) dict_keys(['example_xcom_args', 'example_xcom_args_with_operators']) retrieved from /c/Users/Usuario/Desktop/Projetos/MyProjetos/Spotify/airflow-env/lib/python3.8/site-packages/airflow/example_dags/example_xcomargs.py
[2021-04-23 15:32:34,212] {logging_mixin.py:104} INFO - [2021-04-23 15:32:34,212] {dag.py:1824} INFO - Sync 2 DAGs
[2021-04-23 15:32:34,219] {logging_mixin.py:104} INFO - [2021-04-23 15:32:34,219] {dag.py:2280} INFO - Setting next_dagrun for example_xcom_args to None
[2021-04-23 15:32:34,219] {logging_mixin.py:104} INFO - [2021-04-23 15:32:34,219] {dag.py:2280} INFO - Setting next_dagrun for example_xcom_args_with_operators to None
[2021-04-23 15:32:34,233] {scheduler_job.py:190} INFO - Processing /c/Users/Usuario/Desktop/Projetos/MyProjetos/Spotify/airflow-env/lib/python3.8/site-packages/airflow/example_dags/example_xcomargs.py took 0.049 seconds
[2021-04-23 15:33:04,982] {scheduler_job.py:182} INFO - Started process (PID=795) to work on /c/Users/Usuario/Desktop/Projetos/MyProjetos/Spotify/airflow-env/lib/python3.8/site-packages/airflow/example_dags/example_xcomargs.py
[2021-04-23 15:33:04,983] {scheduler_job.py:629} INFO - Processing file /c/Users/Usuario/Desktop/Projetos/MyProjetos/Spotify/airflow-env/lib/python3.8/site-packages/airflow/example_dags/example_xcomargs.py for tasks to queue
[2021-04-23 15:33:04,984] {logging_mixin.py:104} INFO - [2021-04-23 15:33:04,984] {dagbag.py:451} INFO - Filling up the DagBag from /c/Users/Usuario/Desktop/Projetos/MyProjetos/Spotify/airflow-env/lib/python3.8/site-packages/airflow/example_dags/example_xcomargs.py
[2021-04-23 15:33:04,997] {scheduler_job.py:639} INFO - DAG(s) dict_keys(['example_xcom_args', 'example_xcom_args_with_operators']) retrieved from /c/Users/Usuario/Desktop/Projetos/MyProjetos/Spotify/airflow-env/lib/python3.8/site-packages/airflow/example_dags/example_xcomargs.py
[2021-04-23 15:33:05,012] {logging_mixin.py:104} INFO - [2021-04-23 15:33:05,012] {dag.py:1824} INFO - Sync 2 DAGs
[2021-04-23 15:33:05,020] {logging_mixin.py:104} INFO - [2021-04-23 15:33:05,020] {dag.py:2280} INFO - Setting next_dagrun for example_xcom_args to None
[2021-04-23 15:33:05,021] {logging_mixin.py:104} INFO - [2021-04-23 15:33:05,021] {dag.py:2280} INFO - Setting next_dagrun for example_xcom_args_with_operators to None
[2021-04-23 15:33:05,035] {scheduler_job.py:190} INFO - Processing /c/Users/Usuario/Desktop/Projetos/MyProjetos/Spotify/airflow-env/lib/python3.8/site-packages/airflow/example_dags/example_xcomargs.py took 0.056 seconds
[2021-04-23 15:33:23,585] {scheduler_job.py:182} INFO - Started process (PID=818) to work on /c/Users/Usuario/Desktop/Projetos/MyProjetos/Spotify/airflow-env/lib/python3.8/site-packages/airflow/example_dags/example_xcomargs.py
[2021-04-23 15:33:23,586] {scheduler_job.py:629} INFO - Processing file /c/Users/Usuario/Desktop/Projetos/MyProjetos/Spotify/airflow-env/lib/python3.8/site-packages/airflow/example_dags/example_xcomargs.py for tasks to queue
[2021-04-23 15:33:23,586] {logging_mixin.py:104} INFO - [2021-04-23 15:33:23,586] {dagbag.py:451} INFO - Filling up the DagBag from /c/Users/Usuario/Desktop/Projetos/MyProjetos/Spotify/airflow-env/lib/python3.8/site-packages/airflow/example_dags/example_xcomargs.py
[2021-04-23 15:33:23,602] {scheduler_job.py:639} INFO - DAG(s) dict_keys(['example_xcom_args', 'example_xcom_args_with_operators']) retrieved from /c/Users/Usuario/Desktop/Projetos/MyProjetos/Spotify/airflow-env/lib/python3.8/site-packages/airflow/example_dags/example_xcomargs.py
[2021-04-23 15:33:23,615] {logging_mixin.py:104} INFO - [2021-04-23 15:33:23,615] {dag.py:1824} INFO - Sync 2 DAGs
[2021-04-23 15:33:23,629] {logging_mixin.py:104} INFO - [2021-04-23 15:33:23,629] {dag.py:2280} INFO - Setting next_dagrun for example_xcom_args to None
[2021-04-23 15:33:23,630] {logging_mixin.py:104} INFO - [2021-04-23 15:33:23,630] {dag.py:2280} INFO - Setting next_dagrun for example_xcom_args_with_operators to None
[2021-04-23 15:33:23,646] {scheduler_job.py:190} INFO - Processing /c/Users/Usuario/Desktop/Projetos/MyProjetos/Spotify/airflow-env/lib/python3.8/site-packages/airflow/example_dags/example_xcomargs.py took 0.063 seconds
