[2021-04-23 15:32:00,991] {scheduler_job.py:182} INFO - Started process (PID=723) to work on /c/Users/Usuario/Desktop/Projetos/MyProjetos/Spotify/airflow-env/lib/python3.8/site-packages/airflow/example_dags/example_branch_operator.py
[2021-04-23 15:32:00,992] {scheduler_job.py:629} INFO - Processing file /c/Users/Usuario/Desktop/Projetos/MyProjetos/Spotify/airflow-env/lib/python3.8/site-packages/airflow/example_dags/example_branch_operator.py for tasks to queue
[2021-04-23 15:32:00,993] {logging_mixin.py:104} INFO - [2021-04-23 15:32:00,993] {dagbag.py:451} INFO - Filling up the DagBag from /c/Users/Usuario/Desktop/Projetos/MyProjetos/Spotify/airflow-env/lib/python3.8/site-packages/airflow/example_dags/example_branch_operator.py
[2021-04-23 15:32:01,006] {scheduler_job.py:639} INFO - DAG(s) dict_keys(['example_branch_operator']) retrieved from /c/Users/Usuario/Desktop/Projetos/MyProjetos/Spotify/airflow-env/lib/python3.8/site-packages/airflow/example_dags/example_branch_operator.py
[2021-04-23 15:32:01,017] {logging_mixin.py:104} INFO - [2021-04-23 15:32:01,017] {dag.py:1824} INFO - Sync 1 DAGs
[2021-04-23 15:32:01,029] {logging_mixin.py:104} INFO - [2021-04-23 15:32:01,029] {dag.py:2280} INFO - Setting next_dagrun for example_branch_operator to 2021-04-21 00:00:00+00:00
[2021-04-23 15:32:01,042] {scheduler_job.py:190} INFO - Processing /c/Users/Usuario/Desktop/Projetos/MyProjetos/Spotify/airflow-env/lib/python3.8/site-packages/airflow/example_dags/example_branch_operator.py took 0.055 seconds
[2021-04-23 15:32:31,922] {scheduler_job.py:182} INFO - Started process (PID=758) to work on /c/Users/Usuario/Desktop/Projetos/MyProjetos/Spotify/airflow-env/lib/python3.8/site-packages/airflow/example_dags/example_branch_operator.py
[2021-04-23 15:32:31,923] {scheduler_job.py:629} INFO - Processing file /c/Users/Usuario/Desktop/Projetos/MyProjetos/Spotify/airflow-env/lib/python3.8/site-packages/airflow/example_dags/example_branch_operator.py for tasks to queue
[2021-04-23 15:32:31,924] {logging_mixin.py:104} INFO - [2021-04-23 15:32:31,924] {dagbag.py:451} INFO - Filling up the DagBag from /c/Users/Usuario/Desktop/Projetos/MyProjetos/Spotify/airflow-env/lib/python3.8/site-packages/airflow/example_dags/example_branch_operator.py
[2021-04-23 15:32:31,938] {scheduler_job.py:639} INFO - DAG(s) dict_keys(['example_branch_operator']) retrieved from /c/Users/Usuario/Desktop/Projetos/MyProjetos/Spotify/airflow-env/lib/python3.8/site-packages/airflow/example_dags/example_branch_operator.py
[2021-04-23 15:32:31,950] {logging_mixin.py:104} INFO - [2021-04-23 15:32:31,950] {dag.py:1824} INFO - Sync 1 DAGs
[2021-04-23 15:32:31,963] {logging_mixin.py:104} INFO - [2021-04-23 15:32:31,962] {dag.py:2280} INFO - Setting next_dagrun for example_branch_operator to 2021-04-21 00:00:00+00:00
[2021-04-23 15:32:31,977] {scheduler_job.py:190} INFO - Processing /c/Users/Usuario/Desktop/Projetos/MyProjetos/Spotify/airflow-env/lib/python3.8/site-packages/airflow/example_dags/example_branch_operator.py took 0.058 seconds
[2021-04-23 15:33:02,718] {scheduler_job.py:182} INFO - Started process (PID=793) to work on /c/Users/Usuario/Desktop/Projetos/MyProjetos/Spotify/airflow-env/lib/python3.8/site-packages/airflow/example_dags/example_branch_operator.py
[2021-04-23 15:33:02,719] {scheduler_job.py:629} INFO - Processing file /c/Users/Usuario/Desktop/Projetos/MyProjetos/Spotify/airflow-env/lib/python3.8/site-packages/airflow/example_dags/example_branch_operator.py for tasks to queue
[2021-04-23 15:33:02,720] {logging_mixin.py:104} INFO - [2021-04-23 15:33:02,720] {dagbag.py:451} INFO - Filling up the DagBag from /c/Users/Usuario/Desktop/Projetos/MyProjetos/Spotify/airflow-env/lib/python3.8/site-packages/airflow/example_dags/example_branch_operator.py
[2021-04-23 15:33:02,734] {scheduler_job.py:639} INFO - DAG(s) dict_keys(['example_branch_operator']) retrieved from /c/Users/Usuario/Desktop/Projetos/MyProjetos/Spotify/airflow-env/lib/python3.8/site-packages/airflow/example_dags/example_branch_operator.py
[2021-04-23 15:33:02,747] {logging_mixin.py:104} INFO - [2021-04-23 15:33:02,747] {dag.py:1824} INFO - Sync 1 DAGs
[2021-04-23 15:33:02,759] {logging_mixin.py:104} INFO - [2021-04-23 15:33:02,759] {dag.py:2280} INFO - Setting next_dagrun for example_branch_operator to 2021-04-21 00:00:00+00:00
[2021-04-23 15:33:02,773] {scheduler_job.py:190} INFO - Processing /c/Users/Usuario/Desktop/Projetos/MyProjetos/Spotify/airflow-env/lib/python3.8/site-packages/airflow/example_dags/example_branch_operator.py took 0.058 seconds
[2021-04-23 15:33:35,022] {scheduler_job.py:182} INFO - Started process (PID=840) to work on /c/Users/Usuario/Desktop/Projetos/MyProjetos/Spotify/airflow-env/lib/python3.8/site-packages/airflow/example_dags/example_branch_operator.py
[2021-04-23 15:33:35,024] {scheduler_job.py:629} INFO - Processing file /c/Users/Usuario/Desktop/Projetos/MyProjetos/Spotify/airflow-env/lib/python3.8/site-packages/airflow/example_dags/example_branch_operator.py for tasks to queue
[2021-04-23 15:33:35,024] {logging_mixin.py:104} INFO - [2021-04-23 15:33:35,024] {dagbag.py:451} INFO - Filling up the DagBag from /c/Users/Usuario/Desktop/Projetos/MyProjetos/Spotify/airflow-env/lib/python3.8/site-packages/airflow/example_dags/example_branch_operator.py
[2021-04-23 15:33:35,036] {scheduler_job.py:639} INFO - DAG(s) dict_keys(['example_branch_operator']) retrieved from /c/Users/Usuario/Desktop/Projetos/MyProjetos/Spotify/airflow-env/lib/python3.8/site-packages/airflow/example_dags/example_branch_operator.py
[2021-04-23 15:33:35,048] {logging_mixin.py:104} INFO - [2021-04-23 15:33:35,048] {dag.py:1824} INFO - Sync 1 DAGs
[2021-04-23 15:33:35,059] {logging_mixin.py:104} INFO - [2021-04-23 15:33:35,059] {dag.py:2280} INFO - Setting next_dagrun for example_branch_operator to 2021-04-21 00:00:00+00:00
[2021-04-23 15:33:35,073] {scheduler_job.py:190} INFO - Processing /c/Users/Usuario/Desktop/Projetos/MyProjetos/Spotify/airflow-env/lib/python3.8/site-packages/airflow/example_dags/example_branch_operator.py took 0.053 seconds
