[2021-04-23 15:32:08,404] {scheduler_job.py:182} INFO - Started process (PID=731) to work on /c/Users/Usuario/Desktop/Projetos/MyProjetos/Spotify/airflow-env/lib/python3.8/site-packages/airflow/example_dags/example_kubernetes_executor.py
[2021-04-23 15:32:08,405] {scheduler_job.py:629} INFO - Processing file /c/Users/Usuario/Desktop/Projetos/MyProjetos/Spotify/airflow-env/lib/python3.8/site-packages/airflow/example_dags/example_kubernetes_executor.py for tasks to queue
[2021-04-23 15:32:08,406] {logging_mixin.py:104} INFO - [2021-04-23 15:32:08,405] {dagbag.py:451} INFO - Filling up the DagBag from /c/Users/Usuario/Desktop/Projetos/MyProjetos/Spotify/airflow-env/lib/python3.8/site-packages/airflow/example_dags/example_kubernetes_executor.py
[2021-04-23 15:32:08,416] {scheduler_job.py:639} INFO - DAG(s) dict_keys(['example_kubernetes_executor']) retrieved from /c/Users/Usuario/Desktop/Projetos/MyProjetos/Spotify/airflow-env/lib/python3.8/site-packages/airflow/example_dags/example_kubernetes_executor.py
[2021-04-23 15:32:08,426] {logging_mixin.py:104} INFO - [2021-04-23 15:32:08,425] {dag.py:1824} INFO - Sync 1 DAGs
[2021-04-23 15:32:08,432] {logging_mixin.py:104} INFO - [2021-04-23 15:32:08,432] {dag.py:2280} INFO - Setting next_dagrun for example_kubernetes_executor to None
[2021-04-23 15:32:08,446] {scheduler_job.py:190} INFO - Processing /c/Users/Usuario/Desktop/Projetos/MyProjetos/Spotify/airflow-env/lib/python3.8/site-packages/airflow/example_dags/example_kubernetes_executor.py took 0.045 seconds
[2021-04-23 15:32:39,331] {scheduler_job.py:182} INFO - Started process (PID=765) to work on /c/Users/Usuario/Desktop/Projetos/MyProjetos/Spotify/airflow-env/lib/python3.8/site-packages/airflow/example_dags/example_kubernetes_executor.py
[2021-04-23 15:32:39,331] {scheduler_job.py:629} INFO - Processing file /c/Users/Usuario/Desktop/Projetos/MyProjetos/Spotify/airflow-env/lib/python3.8/site-packages/airflow/example_dags/example_kubernetes_executor.py for tasks to queue
[2021-04-23 15:32:39,332] {logging_mixin.py:104} INFO - [2021-04-23 15:32:39,332] {dagbag.py:451} INFO - Filling up the DagBag from /c/Users/Usuario/Desktop/Projetos/MyProjetos/Spotify/airflow-env/lib/python3.8/site-packages/airflow/example_dags/example_kubernetes_executor.py
[2021-04-23 15:32:39,344] {scheduler_job.py:639} INFO - DAG(s) dict_keys(['example_kubernetes_executor']) retrieved from /c/Users/Usuario/Desktop/Projetos/MyProjetos/Spotify/airflow-env/lib/python3.8/site-packages/airflow/example_dags/example_kubernetes_executor.py
[2021-04-23 15:32:39,355] {logging_mixin.py:104} INFO - [2021-04-23 15:32:39,354] {dag.py:1824} INFO - Sync 1 DAGs
[2021-04-23 15:32:39,363] {logging_mixin.py:104} INFO - [2021-04-23 15:32:39,363] {dag.py:2280} INFO - Setting next_dagrun for example_kubernetes_executor to None
[2021-04-23 15:32:39,377] {scheduler_job.py:190} INFO - Processing /c/Users/Usuario/Desktop/Projetos/MyProjetos/Spotify/airflow-env/lib/python3.8/site-packages/airflow/example_dags/example_kubernetes_executor.py took 0.050 seconds
[2021-04-23 15:33:36,156] {scheduler_job.py:182} INFO - Started process (PID=848) to work on /c/Users/Usuario/Desktop/Projetos/MyProjetos/Spotify/airflow-env/lib/python3.8/site-packages/airflow/example_dags/example_kubernetes_executor.py
[2021-04-23 15:33:36,158] {scheduler_job.py:629} INFO - Processing file /c/Users/Usuario/Desktop/Projetos/MyProjetos/Spotify/airflow-env/lib/python3.8/site-packages/airflow/example_dags/example_kubernetes_executor.py for tasks to queue
[2021-04-23 15:33:36,158] {logging_mixin.py:104} INFO - [2021-04-23 15:33:36,158] {dagbag.py:451} INFO - Filling up the DagBag from /c/Users/Usuario/Desktop/Projetos/MyProjetos/Spotify/airflow-env/lib/python3.8/site-packages/airflow/example_dags/example_kubernetes_executor.py
[2021-04-23 15:33:36,170] {scheduler_job.py:639} INFO - DAG(s) dict_keys(['example_kubernetes_executor']) retrieved from /c/Users/Usuario/Desktop/Projetos/MyProjetos/Spotify/airflow-env/lib/python3.8/site-packages/airflow/example_dags/example_kubernetes_executor.py
[2021-04-23 15:33:36,181] {logging_mixin.py:104} INFO - [2021-04-23 15:33:36,181] {dag.py:1824} INFO - Sync 1 DAGs
[2021-04-23 15:33:36,189] {logging_mixin.py:104} INFO - [2021-04-23 15:33:36,189] {dag.py:2280} INFO - Setting next_dagrun for example_kubernetes_executor to None
[2021-04-23 15:33:36,201] {scheduler_job.py:190} INFO - Processing /c/Users/Usuario/Desktop/Projetos/MyProjetos/Spotify/airflow-env/lib/python3.8/site-packages/airflow/example_dags/example_kubernetes_executor.py took 0.047 seconds
