[2021-04-23 15:31:59,220] {scheduler_job.py:182} INFO - Started process (PID=713) to work on /c/Users/Usuario/Desktop/Projetos/MyProjetos/Spotify/airflow-env/lib/python3.8/site-packages/airflow/example_dags/example_dag_decorator.py
[2021-04-23 15:31:59,221] {scheduler_job.py:629} INFO - Processing file /c/Users/Usuario/Desktop/Projetos/MyProjetos/Spotify/airflow-env/lib/python3.8/site-packages/airflow/example_dags/example_dag_decorator.py for tasks to queue
[2021-04-23 15:31:59,222] {logging_mixin.py:104} INFO - [2021-04-23 15:31:59,222] {dagbag.py:451} INFO - Filling up the DagBag from /c/Users/Usuario/Desktop/Projetos/MyProjetos/Spotify/airflow-env/lib/python3.8/site-packages/airflow/example_dags/example_dag_decorator.py
[2021-04-23 15:31:59,234] {scheduler_job.py:639} INFO - DAG(s) dict_keys(['example_dag_decorator']) retrieved from /c/Users/Usuario/Desktop/Projetos/MyProjetos/Spotify/airflow-env/lib/python3.8/site-packages/airflow/example_dags/example_dag_decorator.py
[2021-04-23 15:31:59,241] {logging_mixin.py:104} INFO - [2021-04-23 15:31:59,241] {dag.py:1824} INFO - Sync 1 DAGs
[2021-04-23 15:31:59,248] {logging_mixin.py:104} INFO - [2021-04-23 15:31:59,247] {dag.py:2280} INFO - Setting next_dagrun for example_dag_decorator to None
[2021-04-23 15:31:59,260] {scheduler_job.py:190} INFO - Processing /c/Users/Usuario/Desktop/Projetos/MyProjetos/Spotify/airflow-env/lib/python3.8/site-packages/airflow/example_dags/example_dag_decorator.py took 0.043 seconds
[2021-04-23 15:32:30,772] {scheduler_job.py:182} INFO - Started process (PID=757) to work on /c/Users/Usuario/Desktop/Projetos/MyProjetos/Spotify/airflow-env/lib/python3.8/site-packages/airflow/example_dags/example_dag_decorator.py
[2021-04-23 15:32:30,773] {scheduler_job.py:629} INFO - Processing file /c/Users/Usuario/Desktop/Projetos/MyProjetos/Spotify/airflow-env/lib/python3.8/site-packages/airflow/example_dags/example_dag_decorator.py for tasks to queue
[2021-04-23 15:32:30,773] {logging_mixin.py:104} INFO - [2021-04-23 15:32:30,773] {dagbag.py:451} INFO - Filling up the DagBag from /c/Users/Usuario/Desktop/Projetos/MyProjetos/Spotify/airflow-env/lib/python3.8/site-packages/airflow/example_dags/example_dag_decorator.py
[2021-04-23 15:32:30,795] {scheduler_job.py:639} INFO - DAG(s) dict_keys(['example_dag_decorator']) retrieved from /c/Users/Usuario/Desktop/Projetos/MyProjetos/Spotify/airflow-env/lib/python3.8/site-packages/airflow/example_dags/example_dag_decorator.py
[2021-04-23 15:32:30,812] {logging_mixin.py:104} INFO - [2021-04-23 15:32:30,812] {dag.py:1824} INFO - Sync 1 DAGs
[2021-04-23 15:32:30,822] {logging_mixin.py:104} INFO - [2021-04-23 15:32:30,821] {dag.py:2280} INFO - Setting next_dagrun for example_dag_decorator to None
[2021-04-23 15:32:30,850] {scheduler_job.py:190} INFO - Processing /c/Users/Usuario/Desktop/Projetos/MyProjetos/Spotify/airflow-env/lib/python3.8/site-packages/airflow/example_dags/example_dag_decorator.py took 0.081 seconds
[2021-04-23 15:33:01,567] {scheduler_job.py:182} INFO - Started process (PID=792) to work on /c/Users/Usuario/Desktop/Projetos/MyProjetos/Spotify/airflow-env/lib/python3.8/site-packages/airflow/example_dags/example_dag_decorator.py
[2021-04-23 15:33:01,568] {scheduler_job.py:629} INFO - Processing file /c/Users/Usuario/Desktop/Projetos/MyProjetos/Spotify/airflow-env/lib/python3.8/site-packages/airflow/example_dags/example_dag_decorator.py for tasks to queue
[2021-04-23 15:33:01,568] {logging_mixin.py:104} INFO - [2021-04-23 15:33:01,568] {dagbag.py:451} INFO - Filling up the DagBag from /c/Users/Usuario/Desktop/Projetos/MyProjetos/Spotify/airflow-env/lib/python3.8/site-packages/airflow/example_dags/example_dag_decorator.py
[2021-04-23 15:33:01,585] {scheduler_job.py:639} INFO - DAG(s) dict_keys(['example_dag_decorator']) retrieved from /c/Users/Usuario/Desktop/Projetos/MyProjetos/Spotify/airflow-env/lib/python3.8/site-packages/airflow/example_dags/example_dag_decorator.py
[2021-04-23 15:33:01,599] {logging_mixin.py:104} INFO - [2021-04-23 15:33:01,599] {dag.py:1824} INFO - Sync 1 DAGs
[2021-04-23 15:33:01,607] {logging_mixin.py:104} INFO - [2021-04-23 15:33:01,607] {dag.py:2280} INFO - Setting next_dagrun for example_dag_decorator to None
[2021-04-23 15:33:01,622] {scheduler_job.py:190} INFO - Processing /c/Users/Usuario/Desktop/Projetos/MyProjetos/Spotify/airflow-env/lib/python3.8/site-packages/airflow/example_dags/example_dag_decorator.py took 0.058 seconds
[2021-04-23 15:33:27,283] {scheduler_job.py:182} INFO - Started process (PID=822) to work on /c/Users/Usuario/Desktop/Projetos/MyProjetos/Spotify/airflow-env/lib/python3.8/site-packages/airflow/example_dags/example_dag_decorator.py
[2021-04-23 15:33:27,283] {scheduler_job.py:629} INFO - Processing file /c/Users/Usuario/Desktop/Projetos/MyProjetos/Spotify/airflow-env/lib/python3.8/site-packages/airflow/example_dags/example_dag_decorator.py for tasks to queue
[2021-04-23 15:33:27,284] {logging_mixin.py:104} INFO - [2021-04-23 15:33:27,284] {dagbag.py:451} INFO - Filling up the DagBag from /c/Users/Usuario/Desktop/Projetos/MyProjetos/Spotify/airflow-env/lib/python3.8/site-packages/airflow/example_dags/example_dag_decorator.py
[2021-04-23 15:33:27,296] {scheduler_job.py:639} INFO - DAG(s) dict_keys(['example_dag_decorator']) retrieved from /c/Users/Usuario/Desktop/Projetos/MyProjetos/Spotify/airflow-env/lib/python3.8/site-packages/airflow/example_dags/example_dag_decorator.py
[2021-04-23 15:33:27,302] {logging_mixin.py:104} INFO - [2021-04-23 15:33:27,302] {dag.py:1824} INFO - Sync 1 DAGs
[2021-04-23 15:33:27,310] {logging_mixin.py:104} INFO - [2021-04-23 15:33:27,310] {dag.py:2280} INFO - Setting next_dagrun for example_dag_decorator to None
[2021-04-23 15:33:27,323] {scheduler_job.py:190} INFO - Processing /c/Users/Usuario/Desktop/Projetos/MyProjetos/Spotify/airflow-env/lib/python3.8/site-packages/airflow/example_dags/example_dag_decorator.py took 0.043 seconds
