[2021-04-23 15:31:49,737] {scheduler_job.py:182} INFO - Started process (PID=704) to work on /c/Users/Usuario/Desktop/Projetos/MyProjetos/Spotify/airflow-env/lib/python3.8/site-packages/airflow/example_dags/example_xcom.py
[2021-04-23 15:31:49,738] {scheduler_job.py:629} INFO - Processing file /c/Users/Usuario/Desktop/Projetos/MyProjetos/Spotify/airflow-env/lib/python3.8/site-packages/airflow/example_dags/example_xcom.py for tasks to queue
[2021-04-23 15:31:49,738] {logging_mixin.py:104} INFO - [2021-04-23 15:31:49,738] {dagbag.py:451} INFO - Filling up the DagBag from /c/Users/Usuario/Desktop/Projetos/MyProjetos/Spotify/airflow-env/lib/python3.8/site-packages/airflow/example_dags/example_xcom.py
[2021-04-23 15:31:49,749] {scheduler_job.py:639} INFO - DAG(s) dict_keys(['example_xcom']) retrieved from /c/Users/Usuario/Desktop/Projetos/MyProjetos/Spotify/airflow-env/lib/python3.8/site-packages/airflow/example_dags/example_xcom.py
[2021-04-23 15:31:49,758] {logging_mixin.py:104} INFO - [2021-04-23 15:31:49,758] {dag.py:1824} INFO - Sync 1 DAGs
[2021-04-23 15:31:49,765] {logging_mixin.py:104} INFO - [2021-04-23 15:31:49,765] {dag.py:2280} INFO - Setting next_dagrun for example_xcom to 2021-04-21 00:00:00+00:00
[2021-04-23 15:31:49,782] {scheduler_job.py:190} INFO - Processing /c/Users/Usuario/Desktop/Projetos/MyProjetos/Spotify/airflow-env/lib/python3.8/site-packages/airflow/example_dags/example_xcom.py took 0.049 seconds
[2021-04-23 15:32:20,452] {scheduler_job.py:182} INFO - Started process (PID=739) to work on /c/Users/Usuario/Desktop/Projetos/MyProjetos/Spotify/airflow-env/lib/python3.8/site-packages/airflow/example_dags/example_xcom.py
[2021-04-23 15:32:20,453] {scheduler_job.py:629} INFO - Processing file /c/Users/Usuario/Desktop/Projetos/MyProjetos/Spotify/airflow-env/lib/python3.8/site-packages/airflow/example_dags/example_xcom.py for tasks to queue
[2021-04-23 15:32:20,454] {logging_mixin.py:104} INFO - [2021-04-23 15:32:20,454] {dagbag.py:451} INFO - Filling up the DagBag from /c/Users/Usuario/Desktop/Projetos/MyProjetos/Spotify/airflow-env/lib/python3.8/site-packages/airflow/example_dags/example_xcom.py
[2021-04-23 15:32:20,465] {scheduler_job.py:639} INFO - DAG(s) dict_keys(['example_xcom']) retrieved from /c/Users/Usuario/Desktop/Projetos/MyProjetos/Spotify/airflow-env/lib/python3.8/site-packages/airflow/example_dags/example_xcom.py
[2021-04-23 15:32:20,477] {logging_mixin.py:104} INFO - [2021-04-23 15:32:20,477] {dag.py:1824} INFO - Sync 1 DAGs
[2021-04-23 15:32:20,485] {logging_mixin.py:104} INFO - [2021-04-23 15:32:20,485] {dag.py:2280} INFO - Setting next_dagrun for example_xcom to 2021-04-21 00:00:00+00:00
[2021-04-23 15:32:20,499] {scheduler_job.py:190} INFO - Processing /c/Users/Usuario/Desktop/Projetos/MyProjetos/Spotify/airflow-env/lib/python3.8/site-packages/airflow/example_dags/example_xcom.py took 0.050 seconds
[2021-04-23 15:32:51,018] {scheduler_job.py:182} INFO - Started process (PID=774) to work on /c/Users/Usuario/Desktop/Projetos/MyProjetos/Spotify/airflow-env/lib/python3.8/site-packages/airflow/example_dags/example_xcom.py
[2021-04-23 15:32:51,019] {scheduler_job.py:629} INFO - Processing file /c/Users/Usuario/Desktop/Projetos/MyProjetos/Spotify/airflow-env/lib/python3.8/site-packages/airflow/example_dags/example_xcom.py for tasks to queue
[2021-04-23 15:32:51,019] {logging_mixin.py:104} INFO - [2021-04-23 15:32:51,019] {dagbag.py:451} INFO - Filling up the DagBag from /c/Users/Usuario/Desktop/Projetos/MyProjetos/Spotify/airflow-env/lib/python3.8/site-packages/airflow/example_dags/example_xcom.py
[2021-04-23 15:32:51,032] {scheduler_job.py:639} INFO - DAG(s) dict_keys(['example_xcom']) retrieved from /c/Users/Usuario/Desktop/Projetos/MyProjetos/Spotify/airflow-env/lib/python3.8/site-packages/airflow/example_dags/example_xcom.py
[2021-04-23 15:32:51,044] {logging_mixin.py:104} INFO - [2021-04-23 15:32:51,044] {dag.py:1824} INFO - Sync 1 DAGs
[2021-04-23 15:32:51,051] {logging_mixin.py:104} INFO - [2021-04-23 15:32:51,051] {dag.py:2280} INFO - Setting next_dagrun for example_xcom to 2021-04-21 00:00:00+00:00
[2021-04-23 15:32:51,065] {scheduler_job.py:190} INFO - Processing /c/Users/Usuario/Desktop/Projetos/MyProjetos/Spotify/airflow-env/lib/python3.8/site-packages/airflow/example_dags/example_xcom.py took 0.050 seconds
[2021-04-23 15:33:37,294] {scheduler_job.py:182} INFO - Started process (PID=849) to work on /c/Users/Usuario/Desktop/Projetos/MyProjetos/Spotify/airflow-env/lib/python3.8/site-packages/airflow/example_dags/example_xcom.py
[2021-04-23 15:33:37,295] {scheduler_job.py:629} INFO - Processing file /c/Users/Usuario/Desktop/Projetos/MyProjetos/Spotify/airflow-env/lib/python3.8/site-packages/airflow/example_dags/example_xcom.py for tasks to queue
[2021-04-23 15:33:37,295] {logging_mixin.py:104} INFO - [2021-04-23 15:33:37,295] {dagbag.py:451} INFO - Filling up the DagBag from /c/Users/Usuario/Desktop/Projetos/MyProjetos/Spotify/airflow-env/lib/python3.8/site-packages/airflow/example_dags/example_xcom.py
[2021-04-23 15:33:37,307] {scheduler_job.py:639} INFO - DAG(s) dict_keys(['example_xcom']) retrieved from /c/Users/Usuario/Desktop/Projetos/MyProjetos/Spotify/airflow-env/lib/python3.8/site-packages/airflow/example_dags/example_xcom.py
[2021-04-23 15:33:37,319] {logging_mixin.py:104} INFO - [2021-04-23 15:33:37,319] {dag.py:1824} INFO - Sync 1 DAGs
[2021-04-23 15:33:37,327] {logging_mixin.py:104} INFO - [2021-04-23 15:33:37,327] {dag.py:2280} INFO - Setting next_dagrun for example_xcom to 2021-04-21 00:00:00+00:00
[2021-04-23 15:33:37,340] {scheduler_job.py:190} INFO - Processing /c/Users/Usuario/Desktop/Projetos/MyProjetos/Spotify/airflow-env/lib/python3.8/site-packages/airflow/example_dags/example_xcom.py took 0.049 seconds
