[2021-04-23 15:31:54,685] {scheduler_job.py:182} INFO - Started process (PID=709) to work on /c/Users/Usuario/Desktop/Projetos/MyProjetos/Spotify/airflow-env/lib/python3.8/site-packages/airflow/example_dags/example_external_task_marker_dag.py
[2021-04-23 15:31:54,686] {scheduler_job.py:629} INFO - Processing file /c/Users/Usuario/Desktop/Projetos/MyProjetos/Spotify/airflow-env/lib/python3.8/site-packages/airflow/example_dags/example_external_task_marker_dag.py for tasks to queue
[2021-04-23 15:31:54,687] {logging_mixin.py:104} INFO - [2021-04-23 15:31:54,687] {dagbag.py:451} INFO - Filling up the DagBag from /c/Users/Usuario/Desktop/Projetos/MyProjetos/Spotify/airflow-env/lib/python3.8/site-packages/airflow/example_dags/example_external_task_marker_dag.py
[2021-04-23 15:31:54,696] {scheduler_job.py:639} INFO - DAG(s) dict_keys(['example_external_task_marker_parent', 'example_external_task_marker_child']) retrieved from /c/Users/Usuario/Desktop/Projetos/MyProjetos/Spotify/airflow-env/lib/python3.8/site-packages/airflow/example_dags/example_external_task_marker_dag.py
[2021-04-23 15:31:54,706] {logging_mixin.py:104} INFO - [2021-04-23 15:31:54,706] {dag.py:1824} INFO - Sync 2 DAGs
[2021-04-23 15:31:54,713] {logging_mixin.py:104} INFO - [2021-04-23 15:31:54,713] {dag.py:2280} INFO - Setting next_dagrun for example_external_task_marker_child to None
[2021-04-23 15:31:54,713] {logging_mixin.py:104} INFO - [2021-04-23 15:31:54,713] {dag.py:2280} INFO - Setting next_dagrun for example_external_task_marker_parent to None
[2021-04-23 15:31:54,726] {scheduler_job.py:190} INFO - Processing /c/Users/Usuario/Desktop/Projetos/MyProjetos/Spotify/airflow-env/lib/python3.8/site-packages/airflow/example_dags/example_external_task_marker_dag.py took 0.043 seconds
[2021-04-23 15:32:25,606] {scheduler_job.py:182} INFO - Started process (PID=744) to work on /c/Users/Usuario/Desktop/Projetos/MyProjetos/Spotify/airflow-env/lib/python3.8/site-packages/airflow/example_dags/example_external_task_marker_dag.py
[2021-04-23 15:32:25,607] {scheduler_job.py:629} INFO - Processing file /c/Users/Usuario/Desktop/Projetos/MyProjetos/Spotify/airflow-env/lib/python3.8/site-packages/airflow/example_dags/example_external_task_marker_dag.py for tasks to queue
[2021-04-23 15:32:25,608] {logging_mixin.py:104} INFO - [2021-04-23 15:32:25,608] {dagbag.py:451} INFO - Filling up the DagBag from /c/Users/Usuario/Desktop/Projetos/MyProjetos/Spotify/airflow-env/lib/python3.8/site-packages/airflow/example_dags/example_external_task_marker_dag.py
[2021-04-23 15:32:25,619] {scheduler_job.py:639} INFO - DAG(s) dict_keys(['example_external_task_marker_parent', 'example_external_task_marker_child']) retrieved from /c/Users/Usuario/Desktop/Projetos/MyProjetos/Spotify/airflow-env/lib/python3.8/site-packages/airflow/example_dags/example_external_task_marker_dag.py
[2021-04-23 15:32:25,640] {logging_mixin.py:104} INFO - [2021-04-23 15:32:25,639] {dag.py:1824} INFO - Sync 2 DAGs
[2021-04-23 15:32:25,651] {logging_mixin.py:104} INFO - [2021-04-23 15:32:25,651] {dag.py:2280} INFO - Setting next_dagrun for example_external_task_marker_child to None
[2021-04-23 15:32:25,652] {logging_mixin.py:104} INFO - [2021-04-23 15:32:25,652] {dag.py:2280} INFO - Setting next_dagrun for example_external_task_marker_parent to None
[2021-04-23 15:32:25,669] {scheduler_job.py:190} INFO - Processing /c/Users/Usuario/Desktop/Projetos/MyProjetos/Spotify/airflow-env/lib/python3.8/site-packages/airflow/example_dags/example_external_task_marker_dag.py took 0.066 seconds
[2021-04-23 15:32:56,407] {scheduler_job.py:182} INFO - Started process (PID=779) to work on /c/Users/Usuario/Desktop/Projetos/MyProjetos/Spotify/airflow-env/lib/python3.8/site-packages/airflow/example_dags/example_external_task_marker_dag.py
[2021-04-23 15:32:56,408] {scheduler_job.py:629} INFO - Processing file /c/Users/Usuario/Desktop/Projetos/MyProjetos/Spotify/airflow-env/lib/python3.8/site-packages/airflow/example_dags/example_external_task_marker_dag.py for tasks to queue
[2021-04-23 15:32:56,408] {logging_mixin.py:104} INFO - [2021-04-23 15:32:56,408] {dagbag.py:451} INFO - Filling up the DagBag from /c/Users/Usuario/Desktop/Projetos/MyProjetos/Spotify/airflow-env/lib/python3.8/site-packages/airflow/example_dags/example_external_task_marker_dag.py
[2021-04-23 15:32:56,417] {scheduler_job.py:639} INFO - DAG(s) dict_keys(['example_external_task_marker_parent', 'example_external_task_marker_child']) retrieved from /c/Users/Usuario/Desktop/Projetos/MyProjetos/Spotify/airflow-env/lib/python3.8/site-packages/airflow/example_dags/example_external_task_marker_dag.py
[2021-04-23 15:32:56,433] {logging_mixin.py:104} INFO - [2021-04-23 15:32:56,433] {dag.py:1824} INFO - Sync 2 DAGs
[2021-04-23 15:32:56,440] {logging_mixin.py:104} INFO - [2021-04-23 15:32:56,440] {dag.py:2280} INFO - Setting next_dagrun for example_external_task_marker_child to None
[2021-04-23 15:32:56,440] {logging_mixin.py:104} INFO - [2021-04-23 15:32:56,440] {dag.py:2280} INFO - Setting next_dagrun for example_external_task_marker_parent to None
[2021-04-23 15:32:56,454] {scheduler_job.py:190} INFO - Processing /c/Users/Usuario/Desktop/Projetos/MyProjetos/Spotify/airflow-env/lib/python3.8/site-packages/airflow/example_dags/example_external_task_marker_dag.py took 0.049 seconds
[2021-04-23 15:33:24,721] {scheduler_job.py:182} INFO - Started process (PID=819) to work on /c/Users/Usuario/Desktop/Projetos/MyProjetos/Spotify/airflow-env/lib/python3.8/site-packages/airflow/example_dags/example_external_task_marker_dag.py
[2021-04-23 15:33:24,722] {scheduler_job.py:629} INFO - Processing file /c/Users/Usuario/Desktop/Projetos/MyProjetos/Spotify/airflow-env/lib/python3.8/site-packages/airflow/example_dags/example_external_task_marker_dag.py for tasks to queue
[2021-04-23 15:33:24,723] {logging_mixin.py:104} INFO - [2021-04-23 15:33:24,722] {dagbag.py:451} INFO - Filling up the DagBag from /c/Users/Usuario/Desktop/Projetos/MyProjetos/Spotify/airflow-env/lib/python3.8/site-packages/airflow/example_dags/example_external_task_marker_dag.py
[2021-04-23 15:33:24,732] {scheduler_job.py:639} INFO - DAG(s) dict_keys(['example_external_task_marker_parent', 'example_external_task_marker_child']) retrieved from /c/Users/Usuario/Desktop/Projetos/MyProjetos/Spotify/airflow-env/lib/python3.8/site-packages/airflow/example_dags/example_external_task_marker_dag.py
[2021-04-23 15:33:24,745] {logging_mixin.py:104} INFO - [2021-04-23 15:33:24,745] {dag.py:1824} INFO - Sync 2 DAGs
[2021-04-23 15:33:24,752] {logging_mixin.py:104} INFO - [2021-04-23 15:33:24,752] {dag.py:2280} INFO - Setting next_dagrun for example_external_task_marker_child to None
[2021-04-23 15:33:24,753] {logging_mixin.py:104} INFO - [2021-04-23 15:33:24,753] {dag.py:2280} INFO - Setting next_dagrun for example_external_task_marker_parent to None
[2021-04-23 15:33:24,765] {scheduler_job.py:190} INFO - Processing /c/Users/Usuario/Desktop/Projetos/MyProjetos/Spotify/airflow-env/lib/python3.8/site-packages/airflow/example_dags/example_external_task_marker_dag.py took 0.046 seconds
