[2021-04-23 15:31:58,087] {scheduler_job.py:182} INFO - Started process (PID=712) to work on /c/Users/Usuario/Desktop/Projetos/MyProjetos/Spotify/airflow-env/lib/python3.8/site-packages/airflow/example_dags/example_trigger_controller_dag.py
[2021-04-23 15:31:58,088] {scheduler_job.py:629} INFO - Processing file /c/Users/Usuario/Desktop/Projetos/MyProjetos/Spotify/airflow-env/lib/python3.8/site-packages/airflow/example_dags/example_trigger_controller_dag.py for tasks to queue
[2021-04-23 15:31:58,089] {logging_mixin.py:104} INFO - [2021-04-23 15:31:58,089] {dagbag.py:451} INFO - Filling up the DagBag from /c/Users/Usuario/Desktop/Projetos/MyProjetos/Spotify/airflow-env/lib/python3.8/site-packages/airflow/example_dags/example_trigger_controller_dag.py
[2021-04-23 15:31:58,097] {scheduler_job.py:639} INFO - DAG(s) dict_keys(['example_trigger_controller_dag']) retrieved from /c/Users/Usuario/Desktop/Projetos/MyProjetos/Spotify/airflow-env/lib/python3.8/site-packages/airflow/example_dags/example_trigger_controller_dag.py
[2021-04-23 15:31:58,107] {logging_mixin.py:104} INFO - [2021-04-23 15:31:58,107] {dag.py:1824} INFO - Sync 1 DAGs
[2021-04-23 15:31:58,114] {logging_mixin.py:104} INFO - [2021-04-23 15:31:58,114] {dag.py:2280} INFO - Setting next_dagrun for example_trigger_controller_dag to 2021-04-21 00:00:00+00:00
[2021-04-23 15:31:58,127] {scheduler_job.py:190} INFO - Processing /c/Users/Usuario/Desktop/Projetos/MyProjetos/Spotify/airflow-env/lib/python3.8/site-packages/airflow/example_dags/example_trigger_controller_dag.py took 0.042 seconds
[2021-04-23 15:32:29,025] {scheduler_job.py:182} INFO - Started process (PID=747) to work on /c/Users/Usuario/Desktop/Projetos/MyProjetos/Spotify/airflow-env/lib/python3.8/site-packages/airflow/example_dags/example_trigger_controller_dag.py
[2021-04-23 15:32:29,026] {scheduler_job.py:629} INFO - Processing file /c/Users/Usuario/Desktop/Projetos/MyProjetos/Spotify/airflow-env/lib/python3.8/site-packages/airflow/example_dags/example_trigger_controller_dag.py for tasks to queue
[2021-04-23 15:32:29,026] {logging_mixin.py:104} INFO - [2021-04-23 15:32:29,026] {dagbag.py:451} INFO - Filling up the DagBag from /c/Users/Usuario/Desktop/Projetos/MyProjetos/Spotify/airflow-env/lib/python3.8/site-packages/airflow/example_dags/example_trigger_controller_dag.py
[2021-04-23 15:32:29,035] {scheduler_job.py:639} INFO - DAG(s) dict_keys(['example_trigger_controller_dag']) retrieved from /c/Users/Usuario/Desktop/Projetos/MyProjetos/Spotify/airflow-env/lib/python3.8/site-packages/airflow/example_dags/example_trigger_controller_dag.py
[2021-04-23 15:32:29,044] {logging_mixin.py:104} INFO - [2021-04-23 15:32:29,044] {dag.py:1824} INFO - Sync 1 DAGs
[2021-04-23 15:32:29,051] {logging_mixin.py:104} INFO - [2021-04-23 15:32:29,051] {dag.py:2280} INFO - Setting next_dagrun for example_trigger_controller_dag to 2021-04-21 00:00:00+00:00
[2021-04-23 15:32:29,064] {scheduler_job.py:190} INFO - Processing /c/Users/Usuario/Desktop/Projetos/MyProjetos/Spotify/airflow-env/lib/python3.8/site-packages/airflow/example_dags/example_trigger_controller_dag.py took 0.041 seconds
[2021-04-23 15:32:59,820] {scheduler_job.py:182} INFO - Started process (PID=782) to work on /c/Users/Usuario/Desktop/Projetos/MyProjetos/Spotify/airflow-env/lib/python3.8/site-packages/airflow/example_dags/example_trigger_controller_dag.py
[2021-04-23 15:32:59,821] {scheduler_job.py:629} INFO - Processing file /c/Users/Usuario/Desktop/Projetos/MyProjetos/Spotify/airflow-env/lib/python3.8/site-packages/airflow/example_dags/example_trigger_controller_dag.py for tasks to queue
[2021-04-23 15:32:59,821] {logging_mixin.py:104} INFO - [2021-04-23 15:32:59,821] {dagbag.py:451} INFO - Filling up the DagBag from /c/Users/Usuario/Desktop/Projetos/MyProjetos/Spotify/airflow-env/lib/python3.8/site-packages/airflow/example_dags/example_trigger_controller_dag.py
[2021-04-23 15:32:59,831] {scheduler_job.py:639} INFO - DAG(s) dict_keys(['example_trigger_controller_dag']) retrieved from /c/Users/Usuario/Desktop/Projetos/MyProjetos/Spotify/airflow-env/lib/python3.8/site-packages/airflow/example_dags/example_trigger_controller_dag.py
[2021-04-23 15:32:59,841] {logging_mixin.py:104} INFO - [2021-04-23 15:32:59,841] {dag.py:1824} INFO - Sync 1 DAGs
[2021-04-23 15:32:59,848] {logging_mixin.py:104} INFO - [2021-04-23 15:32:59,848] {dag.py:2280} INFO - Setting next_dagrun for example_trigger_controller_dag to 2021-04-21 00:00:00+00:00
[2021-04-23 15:32:59,861] {scheduler_job.py:190} INFO - Processing /c/Users/Usuario/Desktop/Projetos/MyProjetos/Spotify/airflow-env/lib/python3.8/site-packages/airflow/example_dags/example_trigger_controller_dag.py took 0.044 seconds
[2021-04-23 15:33:13,471] {scheduler_job.py:182} INFO - Started process (PID=808) to work on /c/Users/Usuario/Desktop/Projetos/MyProjetos/Spotify/airflow-env/lib/python3.8/site-packages/airflow/example_dags/example_trigger_controller_dag.py
[2021-04-23 15:33:13,471] {scheduler_job.py:629} INFO - Processing file /c/Users/Usuario/Desktop/Projetos/MyProjetos/Spotify/airflow-env/lib/python3.8/site-packages/airflow/example_dags/example_trigger_controller_dag.py for tasks to queue
[2021-04-23 15:33:13,472] {logging_mixin.py:104} INFO - [2021-04-23 15:33:13,472] {dagbag.py:451} INFO - Filling up the DagBag from /c/Users/Usuario/Desktop/Projetos/MyProjetos/Spotify/airflow-env/lib/python3.8/site-packages/airflow/example_dags/example_trigger_controller_dag.py
[2021-04-23 15:33:13,480] {scheduler_job.py:639} INFO - DAG(s) dict_keys(['example_trigger_controller_dag']) retrieved from /c/Users/Usuario/Desktop/Projetos/MyProjetos/Spotify/airflow-env/lib/python3.8/site-packages/airflow/example_dags/example_trigger_controller_dag.py
[2021-04-23 15:33:13,491] {logging_mixin.py:104} INFO - [2021-04-23 15:33:13,490] {dag.py:1824} INFO - Sync 1 DAGs
[2021-04-23 15:33:13,498] {logging_mixin.py:104} INFO - [2021-04-23 15:33:13,497] {dag.py:2280} INFO - Setting next_dagrun for example_trigger_controller_dag to 2021-04-21 00:00:00+00:00
[2021-04-23 15:33:13,510] {scheduler_job.py:190} INFO - Processing /c/Users/Usuario/Desktop/Projetos/MyProjetos/Spotify/airflow-env/lib/python3.8/site-packages/airflow/example_dags/example_trigger_controller_dag.py took 0.042 seconds
[2021-04-23 15:33:44,186] {scheduler_job.py:182} INFO - Started process (PID=852) to work on /c/Users/Usuario/Desktop/Projetos/MyProjetos/Spotify/airflow-env/lib/python3.8/site-packages/airflow/example_dags/example_trigger_controller_dag.py
[2021-04-23 15:33:44,187] {scheduler_job.py:629} INFO - Processing file /c/Users/Usuario/Desktop/Projetos/MyProjetos/Spotify/airflow-env/lib/python3.8/site-packages/airflow/example_dags/example_trigger_controller_dag.py for tasks to queue
[2021-04-23 15:33:44,187] {logging_mixin.py:104} INFO - [2021-04-23 15:33:44,187] {dagbag.py:451} INFO - Filling up the DagBag from /c/Users/Usuario/Desktop/Projetos/MyProjetos/Spotify/airflow-env/lib/python3.8/site-packages/airflow/example_dags/example_trigger_controller_dag.py
[2021-04-23 15:33:44,196] {scheduler_job.py:639} INFO - DAG(s) dict_keys(['example_trigger_controller_dag']) retrieved from /c/Users/Usuario/Desktop/Projetos/MyProjetos/Spotify/airflow-env/lib/python3.8/site-packages/airflow/example_dags/example_trigger_controller_dag.py
[2021-04-23 15:33:44,206] {logging_mixin.py:104} INFO - [2021-04-23 15:33:44,206] {dag.py:1824} INFO - Sync 1 DAGs
[2021-04-23 15:33:44,213] {logging_mixin.py:104} INFO - [2021-04-23 15:33:44,213] {dag.py:2280} INFO - Setting next_dagrun for example_trigger_controller_dag to 2021-04-21 00:00:00+00:00
[2021-04-23 15:33:44,226] {scheduler_job.py:190} INFO - Processing /c/Users/Usuario/Desktop/Projetos/MyProjetos/Spotify/airflow-env/lib/python3.8/site-packages/airflow/example_dags/example_trigger_controller_dag.py took 0.043 seconds
