[2021-04-23 15:32:04,685] {scheduler_job.py:182} INFO - Started process (PID=727) to work on /c/Users/Usuario/Desktop/Projetos/MyProjetos/Spotify/airflow-env/lib/python3.8/site-packages/airflow/example_dags/example_bash_operator.py
[2021-04-23 15:32:04,686] {scheduler_job.py:629} INFO - Processing file /c/Users/Usuario/Desktop/Projetos/MyProjetos/Spotify/airflow-env/lib/python3.8/site-packages/airflow/example_dags/example_bash_operator.py for tasks to queue
[2021-04-23 15:32:04,686] {logging_mixin.py:104} INFO - [2021-04-23 15:32:04,686] {dagbag.py:451} INFO - Filling up the DagBag from /c/Users/Usuario/Desktop/Projetos/MyProjetos/Spotify/airflow-env/lib/python3.8/site-packages/airflow/example_dags/example_bash_operator.py
[2021-04-23 15:32:04,696] {scheduler_job.py:639} INFO - DAG(s) dict_keys(['example_bash_operator']) retrieved from /c/Users/Usuario/Desktop/Projetos/MyProjetos/Spotify/airflow-env/lib/python3.8/site-packages/airflow/example_dags/example_bash_operator.py
[2021-04-23 15:32:04,706] {logging_mixin.py:104} INFO - [2021-04-23 15:32:04,706] {dag.py:1824} INFO - Sync 1 DAGs
[2021-04-23 15:32:04,717] {logging_mixin.py:104} INFO - [2021-04-23 15:32:04,716] {dag.py:2280} INFO - Setting next_dagrun for example_bash_operator to 2021-04-21 00:00:00+00:00
[2021-04-23 15:32:04,730] {scheduler_job.py:190} INFO - Processing /c/Users/Usuario/Desktop/Projetos/MyProjetos/Spotify/airflow-env/lib/python3.8/site-packages/airflow/example_dags/example_bash_operator.py took 0.048 seconds
[2021-04-23 15:32:35,919] {scheduler_job.py:182} INFO - Started process (PID=762) to work on /c/Users/Usuario/Desktop/Projetos/MyProjetos/Spotify/airflow-env/lib/python3.8/site-packages/airflow/example_dags/example_bash_operator.py
[2021-04-23 15:32:35,920] {scheduler_job.py:629} INFO - Processing file /c/Users/Usuario/Desktop/Projetos/MyProjetos/Spotify/airflow-env/lib/python3.8/site-packages/airflow/example_dags/example_bash_operator.py for tasks to queue
[2021-04-23 15:32:35,921] {logging_mixin.py:104} INFO - [2021-04-23 15:32:35,920] {dagbag.py:451} INFO - Filling up the DagBag from /c/Users/Usuario/Desktop/Projetos/MyProjetos/Spotify/airflow-env/lib/python3.8/site-packages/airflow/example_dags/example_bash_operator.py
[2021-04-23 15:32:35,933] {scheduler_job.py:639} INFO - DAG(s) dict_keys(['example_bash_operator']) retrieved from /c/Users/Usuario/Desktop/Projetos/MyProjetos/Spotify/airflow-env/lib/python3.8/site-packages/airflow/example_dags/example_bash_operator.py
[2021-04-23 15:32:35,945] {logging_mixin.py:104} INFO - [2021-04-23 15:32:35,945] {dag.py:1824} INFO - Sync 1 DAGs
[2021-04-23 15:32:35,956] {logging_mixin.py:104} INFO - [2021-04-23 15:32:35,956] {dag.py:2280} INFO - Setting next_dagrun for example_bash_operator to 2021-04-21 00:00:00+00:00
[2021-04-23 15:32:35,971] {scheduler_job.py:190} INFO - Processing /c/Users/Usuario/Desktop/Projetos/MyProjetos/Spotify/airflow-env/lib/python3.8/site-packages/airflow/example_dags/example_bash_operator.py took 0.055 seconds
[2021-04-23 15:33:16,874] {scheduler_job.py:182} INFO - Started process (PID=811) to work on /c/Users/Usuario/Desktop/Projetos/MyProjetos/Spotify/airflow-env/lib/python3.8/site-packages/airflow/example_dags/example_bash_operator.py
[2021-04-23 15:33:16,875] {scheduler_job.py:629} INFO - Processing file /c/Users/Usuario/Desktop/Projetos/MyProjetos/Spotify/airflow-env/lib/python3.8/site-packages/airflow/example_dags/example_bash_operator.py for tasks to queue
[2021-04-23 15:33:16,875] {logging_mixin.py:104} INFO - [2021-04-23 15:33:16,875] {dagbag.py:451} INFO - Filling up the DagBag from /c/Users/Usuario/Desktop/Projetos/MyProjetos/Spotify/airflow-env/lib/python3.8/site-packages/airflow/example_dags/example_bash_operator.py
[2021-04-23 15:33:16,887] {scheduler_job.py:639} INFO - DAG(s) dict_keys(['example_bash_operator']) retrieved from /c/Users/Usuario/Desktop/Projetos/MyProjetos/Spotify/airflow-env/lib/python3.8/site-packages/airflow/example_dags/example_bash_operator.py
[2021-04-23 15:33:16,900] {logging_mixin.py:104} INFO - [2021-04-23 15:33:16,900] {dag.py:1824} INFO - Sync 1 DAGs
[2021-04-23 15:33:16,913] {logging_mixin.py:104} INFO - [2021-04-23 15:33:16,913] {dag.py:2280} INFO - Setting next_dagrun for example_bash_operator to 2021-04-21 00:00:00+00:00
[2021-04-23 15:33:16,930] {scheduler_job.py:190} INFO - Processing /c/Users/Usuario/Desktop/Projetos/MyProjetos/Spotify/airflow-env/lib/python3.8/site-packages/airflow/example_dags/example_bash_operator.py took 0.059 seconds
[2021-04-23 15:33:47,586] {scheduler_job.py:182} INFO - Started process (PID=855) to work on /c/Users/Usuario/Desktop/Projetos/MyProjetos/Spotify/airflow-env/lib/python3.8/site-packages/airflow/example_dags/example_bash_operator.py
[2021-04-23 15:33:47,587] {scheduler_job.py:629} INFO - Processing file /c/Users/Usuario/Desktop/Projetos/MyProjetos/Spotify/airflow-env/lib/python3.8/site-packages/airflow/example_dags/example_bash_operator.py for tasks to queue
[2021-04-23 15:33:47,588] {logging_mixin.py:104} INFO - [2021-04-23 15:33:47,588] {dagbag.py:451} INFO - Filling up the DagBag from /c/Users/Usuario/Desktop/Projetos/MyProjetos/Spotify/airflow-env/lib/python3.8/site-packages/airflow/example_dags/example_bash_operator.py
[2021-04-23 15:33:47,599] {scheduler_job.py:639} INFO - DAG(s) dict_keys(['example_bash_operator']) retrieved from /c/Users/Usuario/Desktop/Projetos/MyProjetos/Spotify/airflow-env/lib/python3.8/site-packages/airflow/example_dags/example_bash_operator.py
[2021-04-23 15:33:47,609] {logging_mixin.py:104} INFO - [2021-04-23 15:33:47,609] {dag.py:1824} INFO - Sync 1 DAGs
[2021-04-23 15:33:47,621] {logging_mixin.py:104} INFO - [2021-04-23 15:33:47,621] {dag.py:2280} INFO - Setting next_dagrun for example_bash_operator to 2021-04-21 00:00:00+00:00
[2021-04-23 15:33:47,635] {scheduler_job.py:190} INFO - Processing /c/Users/Usuario/Desktop/Projetos/MyProjetos/Spotify/airflow-env/lib/python3.8/site-packages/airflow/example_dags/example_bash_operator.py took 0.051 seconds
