[2021-04-23 15:31:59,836] {scheduler_job.py:182} INFO - Started process (PID=715) to work on /c/Users/Usuario/Desktop/Projetos/MyProjetos/Spotify/airflow-env/lib/python3.8/site-packages/airflow/example_dags/example_skip_dag.py
[2021-04-23 15:31:59,837] {scheduler_job.py:629} INFO - Processing file /c/Users/Usuario/Desktop/Projetos/MyProjetos/Spotify/airflow-env/lib/python3.8/site-packages/airflow/example_dags/example_skip_dag.py for tasks to queue
[2021-04-23 15:31:59,838] {logging_mixin.py:104} INFO - [2021-04-23 15:31:59,838] {dagbag.py:451} INFO - Filling up the DagBag from /c/Users/Usuario/Desktop/Projetos/MyProjetos/Spotify/airflow-env/lib/python3.8/site-packages/airflow/example_dags/example_skip_dag.py
[2021-04-23 15:31:59,849] {scheduler_job.py:639} INFO - DAG(s) dict_keys(['example_skip_dag']) retrieved from /c/Users/Usuario/Desktop/Projetos/MyProjetos/Spotify/airflow-env/lib/python3.8/site-packages/airflow/example_dags/example_skip_dag.py
[2021-04-23 15:31:59,860] {logging_mixin.py:104} INFO - [2021-04-23 15:31:59,860] {dag.py:1824} INFO - Sync 1 DAGs
[2021-04-23 15:31:59,867] {logging_mixin.py:104} INFO - [2021-04-23 15:31:59,867] {dag.py:2280} INFO - Setting next_dagrun for example_skip_dag to 2021-04-21 00:00:00+00:00
[2021-04-23 15:31:59,880] {scheduler_job.py:190} INFO - Processing /c/Users/Usuario/Desktop/Projetos/MyProjetos/Spotify/airflow-env/lib/python3.8/site-packages/airflow/example_dags/example_skip_dag.py took 0.047 seconds
[2021-04-23 15:32:30,157] {scheduler_job.py:182} INFO - Started process (PID=749) to work on /c/Users/Usuario/Desktop/Projetos/MyProjetos/Spotify/airflow-env/lib/python3.8/site-packages/airflow/example_dags/example_skip_dag.py
[2021-04-23 15:32:30,158] {scheduler_job.py:629} INFO - Processing file /c/Users/Usuario/Desktop/Projetos/MyProjetos/Spotify/airflow-env/lib/python3.8/site-packages/airflow/example_dags/example_skip_dag.py for tasks to queue
[2021-04-23 15:32:30,159] {logging_mixin.py:104} INFO - [2021-04-23 15:32:30,158] {dagbag.py:451} INFO - Filling up the DagBag from /c/Users/Usuario/Desktop/Projetos/MyProjetos/Spotify/airflow-env/lib/python3.8/site-packages/airflow/example_dags/example_skip_dag.py
[2021-04-23 15:32:30,168] {scheduler_job.py:639} INFO - DAG(s) dict_keys(['example_skip_dag']) retrieved from /c/Users/Usuario/Desktop/Projetos/MyProjetos/Spotify/airflow-env/lib/python3.8/site-packages/airflow/example_dags/example_skip_dag.py
[2021-04-23 15:32:30,179] {logging_mixin.py:104} INFO - [2021-04-23 15:32:30,179] {dag.py:1824} INFO - Sync 1 DAGs
[2021-04-23 15:32:30,187] {logging_mixin.py:104} INFO - [2021-04-23 15:32:30,187] {dag.py:2280} INFO - Setting next_dagrun for example_skip_dag to 2021-04-21 00:00:00+00:00
[2021-04-23 15:32:30,206] {scheduler_job.py:190} INFO - Processing /c/Users/Usuario/Desktop/Projetos/MyProjetos/Spotify/airflow-env/lib/python3.8/site-packages/airflow/example_dags/example_skip_dag.py took 0.053 seconds
[2021-04-23 15:33:00,965] {scheduler_job.py:182} INFO - Started process (PID=791) to work on /c/Users/Usuario/Desktop/Projetos/MyProjetos/Spotify/airflow-env/lib/python3.8/site-packages/airflow/example_dags/example_skip_dag.py
[2021-04-23 15:33:00,966] {scheduler_job.py:629} INFO - Processing file /c/Users/Usuario/Desktop/Projetos/MyProjetos/Spotify/airflow-env/lib/python3.8/site-packages/airflow/example_dags/example_skip_dag.py for tasks to queue
[2021-04-23 15:33:00,967] {logging_mixin.py:104} INFO - [2021-04-23 15:33:00,967] {dagbag.py:451} INFO - Filling up the DagBag from /c/Users/Usuario/Desktop/Projetos/MyProjetos/Spotify/airflow-env/lib/python3.8/site-packages/airflow/example_dags/example_skip_dag.py
[2021-04-23 15:33:00,977] {scheduler_job.py:639} INFO - DAG(s) dict_keys(['example_skip_dag']) retrieved from /c/Users/Usuario/Desktop/Projetos/MyProjetos/Spotify/airflow-env/lib/python3.8/site-packages/airflow/example_dags/example_skip_dag.py
[2021-04-23 15:33:00,989] {logging_mixin.py:104} INFO - [2021-04-23 15:33:00,989] {dag.py:1824} INFO - Sync 1 DAGs
[2021-04-23 15:33:00,998] {logging_mixin.py:104} INFO - [2021-04-23 15:33:00,998] {dag.py:2280} INFO - Setting next_dagrun for example_skip_dag to 2021-04-21 00:00:00+00:00
[2021-04-23 15:33:01,014] {scheduler_job.py:190} INFO - Processing /c/Users/Usuario/Desktop/Projetos/MyProjetos/Spotify/airflow-env/lib/python3.8/site-packages/airflow/example_dags/example_skip_dag.py took 0.051 seconds
[2021-04-23 15:33:19,556] {scheduler_job.py:182} INFO - Started process (PID=814) to work on /c/Users/Usuario/Desktop/Projetos/MyProjetos/Spotify/airflow-env/lib/python3.8/site-packages/airflow/example_dags/example_skip_dag.py
[2021-04-23 15:33:19,557] {scheduler_job.py:629} INFO - Processing file /c/Users/Usuario/Desktop/Projetos/MyProjetos/Spotify/airflow-env/lib/python3.8/site-packages/airflow/example_dags/example_skip_dag.py for tasks to queue
[2021-04-23 15:33:19,557] {logging_mixin.py:104} INFO - [2021-04-23 15:33:19,557] {dagbag.py:451} INFO - Filling up the DagBag from /c/Users/Usuario/Desktop/Projetos/MyProjetos/Spotify/airflow-env/lib/python3.8/site-packages/airflow/example_dags/example_skip_dag.py
[2021-04-23 15:33:19,567] {scheduler_job.py:639} INFO - DAG(s) dict_keys(['example_skip_dag']) retrieved from /c/Users/Usuario/Desktop/Projetos/MyProjetos/Spotify/airflow-env/lib/python3.8/site-packages/airflow/example_dags/example_skip_dag.py
[2021-04-23 15:33:19,579] {logging_mixin.py:104} INFO - [2021-04-23 15:33:19,579] {dag.py:1824} INFO - Sync 1 DAGs
[2021-04-23 15:33:19,586] {logging_mixin.py:104} INFO - [2021-04-23 15:33:19,585] {dag.py:2280} INFO - Setting next_dagrun for example_skip_dag to 2021-04-21 00:00:00+00:00
[2021-04-23 15:33:19,598] {scheduler_job.py:190} INFO - Processing /c/Users/Usuario/Desktop/Projetos/MyProjetos/Spotify/airflow-env/lib/python3.8/site-packages/airflow/example_dags/example_skip_dag.py took 0.045 seconds
