[2021-04-23 15:32:12,424] {scheduler_job.py:182} INFO - Started process (PID=735) to work on /c/Users/Usuario/Desktop/Projetos/MyProjetos/Spotify/airflow-env/lib/python3.8/site-packages/airflow/example_dags/example_short_circuit_operator.py
[2021-04-23 15:32:12,426] {scheduler_job.py:629} INFO - Processing file /c/Users/Usuario/Desktop/Projetos/MyProjetos/Spotify/airflow-env/lib/python3.8/site-packages/airflow/example_dags/example_short_circuit_operator.py for tasks to queue
[2021-04-23 15:32:12,427] {logging_mixin.py:104} INFO - [2021-04-23 15:32:12,427] {dagbag.py:451} INFO - Filling up the DagBag from /c/Users/Usuario/Desktop/Projetos/MyProjetos/Spotify/airflow-env/lib/python3.8/site-packages/airflow/example_dags/example_short_circuit_operator.py
[2021-04-23 15:32:12,437] {scheduler_job.py:639} INFO - DAG(s) dict_keys(['example_short_circuit_operator']) retrieved from /c/Users/Usuario/Desktop/Projetos/MyProjetos/Spotify/airflow-env/lib/python3.8/site-packages/airflow/example_dags/example_short_circuit_operator.py
[2021-04-23 15:32:12,449] {logging_mixin.py:104} INFO - [2021-04-23 15:32:12,449] {dag.py:1824} INFO - Sync 1 DAGs
[2021-04-23 15:32:12,456] {logging_mixin.py:104} INFO - [2021-04-23 15:32:12,456] {dag.py:2280} INFO - Setting next_dagrun for example_short_circuit_operator to 2021-04-21 00:00:00+00:00
[2021-04-23 15:32:12,471] {scheduler_job.py:190} INFO - Processing /c/Users/Usuario/Desktop/Projetos/MyProjetos/Spotify/airflow-env/lib/python3.8/site-packages/airflow/example_dags/example_short_circuit_operator.py took 0.050 seconds
[2021-04-23 15:32:43,347] {scheduler_job.py:182} INFO - Started process (PID=769) to work on /c/Users/Usuario/Desktop/Projetos/MyProjetos/Spotify/airflow-env/lib/python3.8/site-packages/airflow/example_dags/example_short_circuit_operator.py
[2021-04-23 15:32:43,348] {scheduler_job.py:629} INFO - Processing file /c/Users/Usuario/Desktop/Projetos/MyProjetos/Spotify/airflow-env/lib/python3.8/site-packages/airflow/example_dags/example_short_circuit_operator.py for tasks to queue
[2021-04-23 15:32:43,348] {logging_mixin.py:104} INFO - [2021-04-23 15:32:43,348] {dagbag.py:451} INFO - Filling up the DagBag from /c/Users/Usuario/Desktop/Projetos/MyProjetos/Spotify/airflow-env/lib/python3.8/site-packages/airflow/example_dags/example_short_circuit_operator.py
[2021-04-23 15:32:43,359] {scheduler_job.py:639} INFO - DAG(s) dict_keys(['example_short_circuit_operator']) retrieved from /c/Users/Usuario/Desktop/Projetos/MyProjetos/Spotify/airflow-env/lib/python3.8/site-packages/airflow/example_dags/example_short_circuit_operator.py
[2021-04-23 15:32:43,369] {logging_mixin.py:104} INFO - [2021-04-23 15:32:43,369] {dag.py:1824} INFO - Sync 1 DAGs
[2021-04-23 15:32:43,377] {logging_mixin.py:104} INFO - [2021-04-23 15:32:43,377] {dag.py:2280} INFO - Setting next_dagrun for example_short_circuit_operator to 2021-04-21 00:00:00+00:00
[2021-04-23 15:32:43,390] {scheduler_job.py:190} INFO - Processing /c/Users/Usuario/Desktop/Projetos/MyProjetos/Spotify/airflow-env/lib/python3.8/site-packages/airflow/example_dags/example_short_circuit_operator.py took 0.045 seconds
[2021-04-23 15:33:21,820] {scheduler_job.py:182} INFO - Started process (PID=816) to work on /c/Users/Usuario/Desktop/Projetos/MyProjetos/Spotify/airflow-env/lib/python3.8/site-packages/airflow/example_dags/example_short_circuit_operator.py
[2021-04-23 15:33:21,821] {scheduler_job.py:629} INFO - Processing file /c/Users/Usuario/Desktop/Projetos/MyProjetos/Spotify/airflow-env/lib/python3.8/site-packages/airflow/example_dags/example_short_circuit_operator.py for tasks to queue
[2021-04-23 15:33:21,821] {logging_mixin.py:104} INFO - [2021-04-23 15:33:21,821] {dagbag.py:451} INFO - Filling up the DagBag from /c/Users/Usuario/Desktop/Projetos/MyProjetos/Spotify/airflow-env/lib/python3.8/site-packages/airflow/example_dags/example_short_circuit_operator.py
[2021-04-23 15:33:21,834] {scheduler_job.py:639} INFO - DAG(s) dict_keys(['example_short_circuit_operator']) retrieved from /c/Users/Usuario/Desktop/Projetos/MyProjetos/Spotify/airflow-env/lib/python3.8/site-packages/airflow/example_dags/example_short_circuit_operator.py
[2021-04-23 15:33:21,851] {logging_mixin.py:104} INFO - [2021-04-23 15:33:21,851] {dag.py:1824} INFO - Sync 1 DAGs
[2021-04-23 15:33:21,858] {logging_mixin.py:104} INFO - [2021-04-23 15:33:21,858] {dag.py:2280} INFO - Setting next_dagrun for example_short_circuit_operator to 2021-04-21 00:00:00+00:00
[2021-04-23 15:33:21,871] {scheduler_job.py:190} INFO - Processing /c/Users/Usuario/Desktop/Projetos/MyProjetos/Spotify/airflow-env/lib/python3.8/site-packages/airflow/example_dags/example_short_circuit_operator.py took 0.053 seconds
