[2021-04-23 15:32:09,544] {scheduler_job.py:182} INFO - Started process (PID=732) to work on /c/Users/Usuario/Desktop/Projetos/MyProjetos/Spotify/airflow-env/lib/python3.8/site-packages/airflow/example_dags/tutorial_etl_dag.py
[2021-04-23 15:32:09,545] {scheduler_job.py:629} INFO - Processing file /c/Users/Usuario/Desktop/Projetos/MyProjetos/Spotify/airflow-env/lib/python3.8/site-packages/airflow/example_dags/tutorial_etl_dag.py for tasks to queue
[2021-04-23 15:32:09,546] {logging_mixin.py:104} INFO - [2021-04-23 15:32:09,546] {dagbag.py:451} INFO - Filling up the DagBag from /c/Users/Usuario/Desktop/Projetos/MyProjetos/Spotify/airflow-env/lib/python3.8/site-packages/airflow/example_dags/tutorial_etl_dag.py
[2021-04-23 15:32:09,557] {scheduler_job.py:639} INFO - DAG(s) dict_keys(['tutorial_etl_dag']) retrieved from /c/Users/Usuario/Desktop/Projetos/MyProjetos/Spotify/airflow-env/lib/python3.8/site-packages/airflow/example_dags/tutorial_etl_dag.py
[2021-04-23 15:32:09,569] {logging_mixin.py:104} INFO - [2021-04-23 15:32:09,569] {dag.py:1824} INFO - Sync 1 DAGs
[2021-04-23 15:32:09,578] {logging_mixin.py:104} INFO - [2021-04-23 15:32:09,578] {dag.py:2280} INFO - Setting next_dagrun for tutorial_etl_dag to None
[2021-04-23 15:32:09,592] {scheduler_job.py:190} INFO - Processing /c/Users/Usuario/Desktop/Projetos/MyProjetos/Spotify/airflow-env/lib/python3.8/site-packages/airflow/example_dags/tutorial_etl_dag.py took 0.055 seconds
[2021-04-23 15:32:41,071] {scheduler_job.py:182} INFO - Started process (PID=767) to work on /c/Users/Usuario/Desktop/Projetos/MyProjetos/Spotify/airflow-env/lib/python3.8/site-packages/airflow/example_dags/tutorial_etl_dag.py
[2021-04-23 15:32:41,072] {scheduler_job.py:629} INFO - Processing file /c/Users/Usuario/Desktop/Projetos/MyProjetos/Spotify/airflow-env/lib/python3.8/site-packages/airflow/example_dags/tutorial_etl_dag.py for tasks to queue
[2021-04-23 15:32:41,073] {logging_mixin.py:104} INFO - [2021-04-23 15:32:41,073] {dagbag.py:451} INFO - Filling up the DagBag from /c/Users/Usuario/Desktop/Projetos/MyProjetos/Spotify/airflow-env/lib/python3.8/site-packages/airflow/example_dags/tutorial_etl_dag.py
[2021-04-23 15:32:41,085] {scheduler_job.py:639} INFO - DAG(s) dict_keys(['tutorial_etl_dag']) retrieved from /c/Users/Usuario/Desktop/Projetos/MyProjetos/Spotify/airflow-env/lib/python3.8/site-packages/airflow/example_dags/tutorial_etl_dag.py
[2021-04-23 15:32:41,095] {logging_mixin.py:104} INFO - [2021-04-23 15:32:41,095] {dag.py:1824} INFO - Sync 1 DAGs
[2021-04-23 15:32:41,102] {logging_mixin.py:104} INFO - [2021-04-23 15:32:41,102] {dag.py:2280} INFO - Setting next_dagrun for tutorial_etl_dag to None
[2021-04-23 15:32:41,116] {scheduler_job.py:190} INFO - Processing /c/Users/Usuario/Desktop/Projetos/MyProjetos/Spotify/airflow-env/lib/python3.8/site-packages/airflow/example_dags/tutorial_etl_dag.py took 0.049 seconds
[2021-04-23 15:33:17,284] {scheduler_job.py:182} INFO - Started process (PID=812) to work on /c/Users/Usuario/Desktop/Projetos/MyProjetos/Spotify/airflow-env/lib/python3.8/site-packages/airflow/example_dags/tutorial_etl_dag.py
[2021-04-23 15:33:17,285] {scheduler_job.py:629} INFO - Processing file /c/Users/Usuario/Desktop/Projetos/MyProjetos/Spotify/airflow-env/lib/python3.8/site-packages/airflow/example_dags/tutorial_etl_dag.py for tasks to queue
[2021-04-23 15:33:17,285] {logging_mixin.py:104} INFO - [2021-04-23 15:33:17,285] {dagbag.py:451} INFO - Filling up the DagBag from /c/Users/Usuario/Desktop/Projetos/MyProjetos/Spotify/airflow-env/lib/python3.8/site-packages/airflow/example_dags/tutorial_etl_dag.py
[2021-04-23 15:33:17,300] {scheduler_job.py:639} INFO - DAG(s) dict_keys(['tutorial_etl_dag']) retrieved from /c/Users/Usuario/Desktop/Projetos/MyProjetos/Spotify/airflow-env/lib/python3.8/site-packages/airflow/example_dags/tutorial_etl_dag.py
[2021-04-23 15:33:17,315] {logging_mixin.py:104} INFO - [2021-04-23 15:33:17,315] {dag.py:1824} INFO - Sync 1 DAGs
[2021-04-23 15:33:17,322] {logging_mixin.py:104} INFO - [2021-04-23 15:33:17,322] {dag.py:2280} INFO - Setting next_dagrun for tutorial_etl_dag to None
[2021-04-23 15:33:17,338] {scheduler_job.py:190} INFO - Processing /c/Users/Usuario/Desktop/Projetos/MyProjetos/Spotify/airflow-env/lib/python3.8/site-packages/airflow/example_dags/tutorial_etl_dag.py took 0.056 seconds
[2021-04-23 15:33:48,186] {scheduler_job.py:182} INFO - Started process (PID=856) to work on /c/Users/Usuario/Desktop/Projetos/MyProjetos/Spotify/airflow-env/lib/python3.8/site-packages/airflow/example_dags/tutorial_etl_dag.py
[2021-04-23 15:33:48,187] {scheduler_job.py:629} INFO - Processing file /c/Users/Usuario/Desktop/Projetos/MyProjetos/Spotify/airflow-env/lib/python3.8/site-packages/airflow/example_dags/tutorial_etl_dag.py for tasks to queue
[2021-04-23 15:33:48,187] {logging_mixin.py:104} INFO - [2021-04-23 15:33:48,187] {dagbag.py:451} INFO - Filling up the DagBag from /c/Users/Usuario/Desktop/Projetos/MyProjetos/Spotify/airflow-env/lib/python3.8/site-packages/airflow/example_dags/tutorial_etl_dag.py
[2021-04-23 15:33:48,197] {scheduler_job.py:639} INFO - DAG(s) dict_keys(['tutorial_etl_dag']) retrieved from /c/Users/Usuario/Desktop/Projetos/MyProjetos/Spotify/airflow-env/lib/python3.8/site-packages/airflow/example_dags/tutorial_etl_dag.py
[2021-04-23 15:33:48,207] {logging_mixin.py:104} INFO - [2021-04-23 15:33:48,207] {dag.py:1824} INFO - Sync 1 DAGs
[2021-04-23 15:33:48,214] {logging_mixin.py:104} INFO - [2021-04-23 15:33:48,214] {dag.py:2280} INFO - Setting next_dagrun for tutorial_etl_dag to None
[2021-04-23 15:33:48,227] {scheduler_job.py:190} INFO - Processing /c/Users/Usuario/Desktop/Projetos/MyProjetos/Spotify/airflow-env/lib/python3.8/site-packages/airflow/example_dags/tutorial_etl_dag.py took 0.044 seconds
