[2021-04-23 15:31:55,824] {scheduler_job.py:182} INFO - Started process (PID=710) to work on /c/Users/Usuario/Desktop/Projetos/MyProjetos/Spotify/airflow-env/lib/python3.8/site-packages/airflow/example_dags/tutorial_taskflow_api_etl.py
[2021-04-23 15:31:55,825] {scheduler_job.py:629} INFO - Processing file /c/Users/Usuario/Desktop/Projetos/MyProjetos/Spotify/airflow-env/lib/python3.8/site-packages/airflow/example_dags/tutorial_taskflow_api_etl.py for tasks to queue
[2021-04-23 15:31:55,826] {logging_mixin.py:104} INFO - [2021-04-23 15:31:55,825] {dagbag.py:451} INFO - Filling up the DagBag from /c/Users/Usuario/Desktop/Projetos/MyProjetos/Spotify/airflow-env/lib/python3.8/site-packages/airflow/example_dags/tutorial_taskflow_api_etl.py
[2021-04-23 15:31:55,835] {scheduler_job.py:639} INFO - DAG(s) dict_keys(['tutorial_taskflow_api_etl']) retrieved from /c/Users/Usuario/Desktop/Projetos/MyProjetos/Spotify/airflow-env/lib/python3.8/site-packages/airflow/example_dags/tutorial_taskflow_api_etl.py
[2021-04-23 15:31:55,842] {logging_mixin.py:104} INFO - [2021-04-23 15:31:55,842] {dag.py:1824} INFO - Sync 1 DAGs
[2021-04-23 15:31:55,849] {logging_mixin.py:104} INFO - [2021-04-23 15:31:55,849] {dag.py:2280} INFO - Setting next_dagrun for tutorial_taskflow_api_etl to None
[2021-04-23 15:31:55,862] {scheduler_job.py:190} INFO - Processing /c/Users/Usuario/Desktop/Projetos/MyProjetos/Spotify/airflow-env/lib/python3.8/site-packages/airflow/example_dags/tutorial_taskflow_api_etl.py took 0.040 seconds
[2021-04-23 15:32:26,759] {scheduler_job.py:182} INFO - Started process (PID=745) to work on /c/Users/Usuario/Desktop/Projetos/MyProjetos/Spotify/airflow-env/lib/python3.8/site-packages/airflow/example_dags/tutorial_taskflow_api_etl.py
[2021-04-23 15:32:26,761] {scheduler_job.py:629} INFO - Processing file /c/Users/Usuario/Desktop/Projetos/MyProjetos/Spotify/airflow-env/lib/python3.8/site-packages/airflow/example_dags/tutorial_taskflow_api_etl.py for tasks to queue
[2021-04-23 15:32:26,761] {logging_mixin.py:104} INFO - [2021-04-23 15:32:26,761] {dagbag.py:451} INFO - Filling up the DagBag from /c/Users/Usuario/Desktop/Projetos/MyProjetos/Spotify/airflow-env/lib/python3.8/site-packages/airflow/example_dags/tutorial_taskflow_api_etl.py
[2021-04-23 15:32:26,771] {scheduler_job.py:639} INFO - DAG(s) dict_keys(['tutorial_taskflow_api_etl']) retrieved from /c/Users/Usuario/Desktop/Projetos/MyProjetos/Spotify/airflow-env/lib/python3.8/site-packages/airflow/example_dags/tutorial_taskflow_api_etl.py
[2021-04-23 15:32:26,783] {logging_mixin.py:104} INFO - [2021-04-23 15:32:26,783] {dag.py:1824} INFO - Sync 1 DAGs
[2021-04-23 15:32:26,789] {logging_mixin.py:104} INFO - [2021-04-23 15:32:26,789] {dag.py:2280} INFO - Setting next_dagrun for tutorial_taskflow_api_etl to None
[2021-04-23 15:32:26,802] {scheduler_job.py:190} INFO - Processing /c/Users/Usuario/Desktop/Projetos/MyProjetos/Spotify/airflow-env/lib/python3.8/site-packages/airflow/example_dags/tutorial_taskflow_api_etl.py took 0.045 seconds
[2021-04-23 15:32:57,556] {scheduler_job.py:182} INFO - Started process (PID=780) to work on /c/Users/Usuario/Desktop/Projetos/MyProjetos/Spotify/airflow-env/lib/python3.8/site-packages/airflow/example_dags/tutorial_taskflow_api_etl.py
[2021-04-23 15:32:57,557] {scheduler_job.py:629} INFO - Processing file /c/Users/Usuario/Desktop/Projetos/MyProjetos/Spotify/airflow-env/lib/python3.8/site-packages/airflow/example_dags/tutorial_taskflow_api_etl.py for tasks to queue
[2021-04-23 15:32:57,557] {logging_mixin.py:104} INFO - [2021-04-23 15:32:57,557] {dagbag.py:451} INFO - Filling up the DagBag from /c/Users/Usuario/Desktop/Projetos/MyProjetos/Spotify/airflow-env/lib/python3.8/site-packages/airflow/example_dags/tutorial_taskflow_api_etl.py
[2021-04-23 15:32:57,568] {scheduler_job.py:639} INFO - DAG(s) dict_keys(['tutorial_taskflow_api_etl']) retrieved from /c/Users/Usuario/Desktop/Projetos/MyProjetos/Spotify/airflow-env/lib/python3.8/site-packages/airflow/example_dags/tutorial_taskflow_api_etl.py
[2021-04-23 15:32:57,579] {logging_mixin.py:104} INFO - [2021-04-23 15:32:57,579] {dag.py:1824} INFO - Sync 1 DAGs
[2021-04-23 15:32:57,586] {logging_mixin.py:104} INFO - [2021-04-23 15:32:57,585] {dag.py:2280} INFO - Setting next_dagrun for tutorial_taskflow_api_etl to None
[2021-04-23 15:32:57,600] {scheduler_job.py:190} INFO - Processing /c/Users/Usuario/Desktop/Projetos/MyProjetos/Spotify/airflow-env/lib/python3.8/site-packages/airflow/example_dags/tutorial_taskflow_api_etl.py took 0.046 seconds
[2021-04-23 15:33:14,602] {scheduler_job.py:182} INFO - Started process (PID=809) to work on /c/Users/Usuario/Desktop/Projetos/MyProjetos/Spotify/airflow-env/lib/python3.8/site-packages/airflow/example_dags/tutorial_taskflow_api_etl.py
[2021-04-23 15:33:14,603] {scheduler_job.py:629} INFO - Processing file /c/Users/Usuario/Desktop/Projetos/MyProjetos/Spotify/airflow-env/lib/python3.8/site-packages/airflow/example_dags/tutorial_taskflow_api_etl.py for tasks to queue
[2021-04-23 15:33:14,603] {logging_mixin.py:104} INFO - [2021-04-23 15:33:14,603] {dagbag.py:451} INFO - Filling up the DagBag from /c/Users/Usuario/Desktop/Projetos/MyProjetos/Spotify/airflow-env/lib/python3.8/site-packages/airflow/example_dags/tutorial_taskflow_api_etl.py
[2021-04-23 15:33:14,613] {scheduler_job.py:639} INFO - DAG(s) dict_keys(['tutorial_taskflow_api_etl']) retrieved from /c/Users/Usuario/Desktop/Projetos/MyProjetos/Spotify/airflow-env/lib/python3.8/site-packages/airflow/example_dags/tutorial_taskflow_api_etl.py
[2021-04-23 15:33:14,620] {logging_mixin.py:104} INFO - [2021-04-23 15:33:14,620] {dag.py:1824} INFO - Sync 1 DAGs
[2021-04-23 15:33:14,628] {logging_mixin.py:104} INFO - [2021-04-23 15:33:14,628] {dag.py:2280} INFO - Setting next_dagrun for tutorial_taskflow_api_etl to None
[2021-04-23 15:33:14,643] {scheduler_job.py:190} INFO - Processing /c/Users/Usuario/Desktop/Projetos/MyProjetos/Spotify/airflow-env/lib/python3.8/site-packages/airflow/example_dags/tutorial_taskflow_api_etl.py took 0.043 seconds
[2021-04-23 15:33:45,318] {scheduler_job.py:182} INFO - Started process (PID=853) to work on /c/Users/Usuario/Desktop/Projetos/MyProjetos/Spotify/airflow-env/lib/python3.8/site-packages/airflow/example_dags/tutorial_taskflow_api_etl.py
[2021-04-23 15:33:45,319] {scheduler_job.py:629} INFO - Processing file /c/Users/Usuario/Desktop/Projetos/MyProjetos/Spotify/airflow-env/lib/python3.8/site-packages/airflow/example_dags/tutorial_taskflow_api_etl.py for tasks to queue
[2021-04-23 15:33:45,319] {logging_mixin.py:104} INFO - [2021-04-23 15:33:45,319] {dagbag.py:451} INFO - Filling up the DagBag from /c/Users/Usuario/Desktop/Projetos/MyProjetos/Spotify/airflow-env/lib/python3.8/site-packages/airflow/example_dags/tutorial_taskflow_api_etl.py
[2021-04-23 15:33:45,329] {scheduler_job.py:639} INFO - DAG(s) dict_keys(['tutorial_taskflow_api_etl']) retrieved from /c/Users/Usuario/Desktop/Projetos/MyProjetos/Spotify/airflow-env/lib/python3.8/site-packages/airflow/example_dags/tutorial_taskflow_api_etl.py
[2021-04-23 15:33:45,340] {logging_mixin.py:104} INFO - [2021-04-23 15:33:45,340] {dag.py:1824} INFO - Sync 1 DAGs
[2021-04-23 15:33:45,346] {logging_mixin.py:104} INFO - [2021-04-23 15:33:45,346] {dag.py:2280} INFO - Setting next_dagrun for tutorial_taskflow_api_etl to None
[2021-04-23 15:33:45,360] {scheduler_job.py:190} INFO - Processing /c/Users/Usuario/Desktop/Projetos/MyProjetos/Spotify/airflow-env/lib/python3.8/site-packages/airflow/example_dags/tutorial_taskflow_api_etl.py took 0.045 seconds
